<?xml version="1.0" encoding="UTF-8"?>
<testng-results skipped="29" failed="1" ignored="0" total="30" passed="0">
  <reporter-output>
  </reporter-output>
  <suite name="Default suite" duration-ms="5784" started-at="2022-08-08T00:34:41 ICT" finished-at="2022-08-08T00:34:47 ICT">
    <groups>
      <group name="cucumber">
        <method signature="AbstractTestNGCucumberTests.runScenario(io.cucumber.testng.PickleWrapper, io.cucumber.testng.FeatureWrapper)[pri:0, instance:com.siloam.RunnerFiles@2d8f65a4]" name="runScenario" class="io.cucumber.testng.AbstractTestNGCucumberTests"/>
      </group> <!-- cucumber -->
    </groups>
    <test name="Default test" duration-ms="5784" started-at="2022-08-08T00:34:41 ICT" finished-at="2022-08-08T00:34:47 ICT">
      <class name="com.siloam.RunnerFiles">
        <test-method status="PASS" signature="setUpClass()[pri:0, instance:com.siloam.RunnerFiles@2d8f65a4]" name="setUpClass" is-config="true" duration-ms="555" started-at="2022-08-08T00:34:41 ICT" finished-at="2022-08-08T00:34:42 ICT">
          <reporter-output>
          </reporter-output>
        </test-method> <!-- setUpClass -->
        <test-method status="FAIL" signature="runScenario(io.cucumber.testng.PickleWrapper, io.cucumber.testng.FeatureWrapper)[pri:0, instance:com.siloam.RunnerFiles@2d8f65a4]" name="runScenario" duration-ms="4534" started-at="2022-08-08T00:34:42 ICT" description="Runs Cucumber Scenarios" data-provider="scenarios" finished-at="2022-08-08T00:34:47 ICT">
          <params>
            <param index="0">
              <value>
                <![CDATA["Testing Menampilkan Halaman Login"]]>
              </value>
            </param>
            <param index="1">
              <value>
                <![CDATA["User Sales Login ke Siloam Project"]]>
              </value>
            </param>
          </params>
          <exception class="java.lang.NullPointerException">
            <full-stacktrace>
              <![CDATA[java.lang.NullPointerException
at com.siloam.StepDefinitions.user_mengakses_url(StepDefinitions.java:26)
at ?.User mengakses url(file:///C:/Users/Ben/eclipse-workspace/SiloamTest/src/test/resources/features/AksesSite.feature:3)
]]>
            </full-stacktrace>
          </exception> <!-- java.lang.NullPointerException -->
          <reporter-output>
          </reporter-output>
        </test-method> <!-- runScenario -->
        <test-method status="SKIP" signature="runScenario(io.cucumber.testng.PickleWrapper, io.cucumber.testng.FeatureWrapper)[pri:0, instance:com.siloam.RunnerFiles@2d8f65a4]" name="runScenario" duration-ms="52" started-at="2022-08-08T00:34:47 ICT" description="Runs Cucumber Scenarios" data-provider="scenarios" finished-at="2022-08-08T00:34:47 ICT">
          <params>
            <param index="0">
              <value>
                <![CDATA["Klik button Collapse / Expand"]]>
              </value>
            </param>
            <param index="1">
              <value>
                <![CDATA["Upload Dokumen Testing"]]>
              </value>
            </param>
          </params>
          <exception class="io.cucumber.testng.UndefinedStepException">
            <message>
              <![CDATA[There were 2 undefined steps
The step "User klik button collapse / Expand" is undefined. You can implement it using the snippet(s) below:

@When("User klik button collapse \\/ Expand")
public void user_klik_button_collapse_Expand() {
    // Write code here that turns the phrase above into concrete actions
    throw new io.cucumber.java.PendingException();
}

The step "Layout menu dihilangkan / diperlebar" is undefined. You can implement it using the snippet(s) below:

@Then("Layout menu dihilangkan \\/ diperlebar")
public void layout_menu_dihilangkan_diperlebar() {
    // Write code here that turns the phrase above into concrete actions
    throw new io.cucumber.java.PendingException();
}
]]>
            </message>
            <full-stacktrace>
              <![CDATA[io.cucumber.testng.UndefinedStepException: There were 2 undefined steps
The step "User klik button collapse / Expand" is undefined. You can implement it using the snippet(s) below:

@When("User klik button collapse \\/ Expand")
public void user_klik_button_collapse_Expand() {
    // Write code here that turns the phrase above into concrete actions
    throw new io.cucumber.java.PendingException();
}

The step "Layout menu dihilangkan / diperlebar" is undefined. You can implement it using the snippet(s) below:

@Then("Layout menu dihilangkan \\/ diperlebar")
public void layout_menu_dihilangkan_diperlebar() {
    // Write code here that turns the phrase above into concrete actions
    throw new io.cucumber.java.PendingException();
}

at io.cucumber.testng.TestCaseResultObserver.assertTestCasePassed(TestCaseResultObserver.java:112)
at io.cucumber.testng.TestNGCucumberRunner.runScenario(TestNGCucumberRunner.java:125)
at io.cucumber.testng.AbstractTestNGCucumberTests.runScenario(AbstractTestNGCucumberTests.java:29)
at sun.reflect.NativeMethodAccessorImpl.invoke0(Native Method)
at sun.reflect.NativeMethodAccessorImpl.invoke(Unknown Source)
at sun.reflect.DelegatingMethodAccessorImpl.invoke(Unknown Source)
at java.lang.reflect.Method.invoke(Unknown Source)
at org.testng.internal.MethodInvocationHelper.invokeMethod(MethodInvocationHelper.java:134)
at org.testng.internal.TestInvoker.invokeMethod(TestInvoker.java:597)
at org.testng.internal.TestInvoker.invokeTestMethod(TestInvoker.java:173)
at org.testng.internal.MethodRunner.runInSequence(MethodRunner.java:46)
at org.testng.internal.TestInvoker$MethodInvocationAgent.invoke(TestInvoker.java:816)
at org.testng.internal.TestInvoker.invokeTestMethods(TestInvoker.java:146)
at org.testng.internal.TestMethodWorker.invokeTestMethods(TestMethodWorker.java:146)
at org.testng.internal.TestMethodWorker.run(TestMethodWorker.java:128)
at java.util.ArrayList.forEach(Unknown Source)
at org.testng.TestRunner.privateRun(TestRunner.java:766)
at org.testng.TestRunner.run(TestRunner.java:587)
at org.testng.SuiteRunner.runTest(SuiteRunner.java:384)
at org.testng.SuiteRunner.runSequentially(SuiteRunner.java:378)
at org.testng.SuiteRunner.privateRun(SuiteRunner.java:337)
at org.testng.SuiteRunner.run(SuiteRunner.java:286)
at org.testng.SuiteRunnerWorker.runSuite(SuiteRunnerWorker.java:53)
at org.testng.SuiteRunnerWorker.run(SuiteRunnerWorker.java:96)
at org.testng.TestNG.runSuitesSequentially(TestNG.java:1187)
at org.testng.TestNG.runSuitesLocally(TestNG.java:1109)
at org.testng.TestNG.runSuites(TestNG.java:1039)
at org.testng.TestNG.run(TestNG.java:1007)
at org.testng.remote.AbstractRemoteTestNG.run(AbstractRemoteTestNG.java:115)
at org.testng.remote.RemoteTestNG.initAndRun(RemoteTestNG.java:251)
at org.testng.remote.RemoteTestNG.main(RemoteTestNG.java:77)
]]>
            </full-stacktrace>
          </exception> <!-- io.cucumber.testng.UndefinedStepException -->
          <reporter-output>
          </reporter-output>
        </test-method> <!-- runScenario -->
        <test-method status="SKIP" signature="runScenario(io.cucumber.testng.PickleWrapper, io.cucumber.testng.FeatureWrapper)[pri:0, instance:com.siloam.RunnerFiles@2d8f65a4]" name="runScenario" duration-ms="6" started-at="2022-08-08T00:34:47 ICT" description="Runs Cucumber Scenarios" data-provider="scenarios" finished-at="2022-08-08T00:34:47 ICT">
          <params>
            <param index="0">
              <value>
                <![CDATA["Edit data"]]>
              </value>
            </param>
            <param index="1">
              <value>
                <![CDATA["Upload Dokumen Testing"]]>
              </value>
            </param>
          </params>
          <exception class="io.cucumber.testng.UndefinedStepException">
            <message>
              <![CDATA[There were 2 undefined steps
The step "User klik tombol edit data" is undefined. You can implement it using the snippet(s) below:

@When("User klik tombol edit data")
public void user_klik_tombol_edit_data() {
    // Write code here that turns the phrase above into concrete actions
    throw new io.cucumber.java.PendingException();
}

The step "Form menu input menjadi aktif" is undefined. You can implement it using the snippet(s) below:

@Then("Form menu input menjadi aktif")
public void form_menu_input_menjadi_aktif() {
    // Write code here that turns the phrase above into concrete actions
    throw new io.cucumber.java.PendingException();
}
]]>
            </message>
            <full-stacktrace>
              <![CDATA[io.cucumber.testng.UndefinedStepException: There were 2 undefined steps
The step "User klik tombol edit data" is undefined. You can implement it using the snippet(s) below:

@When("User klik tombol edit data")
public void user_klik_tombol_edit_data() {
    // Write code here that turns the phrase above into concrete actions
    throw new io.cucumber.java.PendingException();
}

The step "Form menu input menjadi aktif" is undefined. You can implement it using the snippet(s) below:

@Then("Form menu input menjadi aktif")
public void form_menu_input_menjadi_aktif() {
    // Write code here that turns the phrase above into concrete actions
    throw new io.cucumber.java.PendingException();
}

at io.cucumber.testng.TestCaseResultObserver.assertTestCasePassed(TestCaseResultObserver.java:112)
at io.cucumber.testng.TestNGCucumberRunner.runScenario(TestNGCucumberRunner.java:125)
at io.cucumber.testng.AbstractTestNGCucumberTests.runScenario(AbstractTestNGCucumberTests.java:29)
at sun.reflect.NativeMethodAccessorImpl.invoke0(Native Method)
at sun.reflect.NativeMethodAccessorImpl.invoke(Unknown Source)
at sun.reflect.DelegatingMethodAccessorImpl.invoke(Unknown Source)
at java.lang.reflect.Method.invoke(Unknown Source)
at org.testng.internal.MethodInvocationHelper.invokeMethod(MethodInvocationHelper.java:134)
at org.testng.internal.TestInvoker.invokeMethod(TestInvoker.java:597)
at org.testng.internal.TestInvoker.invokeTestMethod(TestInvoker.java:173)
at org.testng.internal.MethodRunner.runInSequence(MethodRunner.java:46)
at org.testng.internal.TestInvoker$MethodInvocationAgent.invoke(TestInvoker.java:816)
at org.testng.internal.TestInvoker.invokeTestMethods(TestInvoker.java:146)
at org.testng.internal.TestMethodWorker.invokeTestMethods(TestMethodWorker.java:146)
at org.testng.internal.TestMethodWorker.run(TestMethodWorker.java:128)
at java.util.ArrayList.forEach(Unknown Source)
at org.testng.TestRunner.privateRun(TestRunner.java:766)
at org.testng.TestRunner.run(TestRunner.java:587)
at org.testng.SuiteRunner.runTest(SuiteRunner.java:384)
at org.testng.SuiteRunner.runSequentially(SuiteRunner.java:378)
at org.testng.SuiteRunner.privateRun(SuiteRunner.java:337)
at org.testng.SuiteRunner.run(SuiteRunner.java:286)
at org.testng.SuiteRunnerWorker.runSuite(SuiteRunnerWorker.java:53)
at org.testng.SuiteRunnerWorker.run(SuiteRunnerWorker.java:96)
at org.testng.TestNG.runSuitesSequentially(TestNG.java:1187)
at org.testng.TestNG.runSuitesLocally(TestNG.java:1109)
at org.testng.TestNG.runSuites(TestNG.java:1039)
at org.testng.TestNG.run(TestNG.java:1007)
at org.testng.remote.AbstractRemoteTestNG.run(AbstractRemoteTestNG.java:115)
at org.testng.remote.RemoteTestNG.initAndRun(RemoteTestNG.java:251)
at org.testng.remote.RemoteTestNG.main(RemoteTestNG.java:77)
]]>
            </full-stacktrace>
          </exception> <!-- io.cucumber.testng.UndefinedStepException -->
          <reporter-output>
          </reporter-output>
        </test-method> <!-- runScenario -->
        <test-method status="SKIP" signature="runScenario(io.cucumber.testng.PickleWrapper, io.cucumber.testng.FeatureWrapper)[pri:0, instance:com.siloam.RunnerFiles@2d8f65a4]" name="runScenario" duration-ms="10" started-at="2022-08-08T00:34:47 ICT" description="Runs Cucumber Scenarios" data-provider="scenarios" finished-at="2022-08-08T00:34:47 ICT">
          <params>
            <param index="0">
              <value>
                <![CDATA["Form input nama"]]>
              </value>
            </param>
            <param index="1">
              <value>
                <![CDATA["Upload Dokumen Testing"]]>
              </value>
            </param>
          </params>
          <exception class="io.cucumber.testng.UndefinedStepException">
            <message>
              <![CDATA[There were 2 undefined steps
The step "User ubah nama" is undefined. You can implement it using the snippet(s) below:

@When("User ubah nama")
public void user_ubah_nama() {
    // Write code here that turns the phrase above into concrete actions
    throw new io.cucumber.java.PendingException();
}

The step "Nama berubah sesuai inputan" is undefined. You can implement it using the snippet(s) below:

@Then("Nama berubah sesuai inputan")
public void nama_berubah_sesuai_inputan() {
    // Write code here that turns the phrase above into concrete actions
    throw new io.cucumber.java.PendingException();
}
]]>
            </message>
            <full-stacktrace>
              <![CDATA[io.cucumber.testng.UndefinedStepException: There were 2 undefined steps
The step "User ubah nama" is undefined. You can implement it using the snippet(s) below:

@When("User ubah nama")
public void user_ubah_nama() {
    // Write code here that turns the phrase above into concrete actions
    throw new io.cucumber.java.PendingException();
}

The step "Nama berubah sesuai inputan" is undefined. You can implement it using the snippet(s) below:

@Then("Nama berubah sesuai inputan")
public void nama_berubah_sesuai_inputan() {
    // Write code here that turns the phrase above into concrete actions
    throw new io.cucumber.java.PendingException();
}

at io.cucumber.testng.TestCaseResultObserver.assertTestCasePassed(TestCaseResultObserver.java:112)
at io.cucumber.testng.TestNGCucumberRunner.runScenario(TestNGCucumberRunner.java:125)
at io.cucumber.testng.AbstractTestNGCucumberTests.runScenario(AbstractTestNGCucumberTests.java:29)
at sun.reflect.NativeMethodAccessorImpl.invoke0(Native Method)
at sun.reflect.NativeMethodAccessorImpl.invoke(Unknown Source)
at sun.reflect.DelegatingMethodAccessorImpl.invoke(Unknown Source)
at java.lang.reflect.Method.invoke(Unknown Source)
at org.testng.internal.MethodInvocationHelper.invokeMethod(MethodInvocationHelper.java:134)
at org.testng.internal.TestInvoker.invokeMethod(TestInvoker.java:597)
at org.testng.internal.TestInvoker.invokeTestMethod(TestInvoker.java:173)
at org.testng.internal.MethodRunner.runInSequence(MethodRunner.java:46)
at org.testng.internal.TestInvoker$MethodInvocationAgent.invoke(TestInvoker.java:816)
at org.testng.internal.TestInvoker.invokeTestMethods(TestInvoker.java:146)
at org.testng.internal.TestMethodWorker.invokeTestMethods(TestMethodWorker.java:146)
at org.testng.internal.TestMethodWorker.run(TestMethodWorker.java:128)
at java.util.ArrayList.forEach(Unknown Source)
at org.testng.TestRunner.privateRun(TestRunner.java:766)
at org.testng.TestRunner.run(TestRunner.java:587)
at org.testng.SuiteRunner.runTest(SuiteRunner.java:384)
at org.testng.SuiteRunner.runSequentially(SuiteRunner.java:378)
at org.testng.SuiteRunner.privateRun(SuiteRunner.java:337)
at org.testng.SuiteRunner.run(SuiteRunner.java:286)
at org.testng.SuiteRunnerWorker.runSuite(SuiteRunnerWorker.java:53)
at org.testng.SuiteRunnerWorker.run(SuiteRunnerWorker.java:96)
at org.testng.TestNG.runSuitesSequentially(TestNG.java:1187)
at org.testng.TestNG.runSuitesLocally(TestNG.java:1109)
at org.testng.TestNG.runSuites(TestNG.java:1039)
at org.testng.TestNG.run(TestNG.java:1007)
at org.testng.remote.AbstractRemoteTestNG.run(AbstractRemoteTestNG.java:115)
at org.testng.remote.RemoteTestNG.initAndRun(RemoteTestNG.java:251)
at org.testng.remote.RemoteTestNG.main(RemoteTestNG.java:77)
]]>
            </full-stacktrace>
          </exception> <!-- io.cucumber.testng.UndefinedStepException -->
          <reporter-output>
          </reporter-output>
        </test-method> <!-- runScenario -->
        <test-method status="SKIP" signature="runScenario(io.cucumber.testng.PickleWrapper, io.cucumber.testng.FeatureWrapper)[pri:0, instance:com.siloam.RunnerFiles@2d8f65a4]" name="runScenario" duration-ms="10" started-at="2022-08-08T00:34:47 ICT" description="Runs Cucumber Scenarios" data-provider="scenarios" finished-at="2022-08-08T00:34:47 ICT">
          <params>
            <param index="0">
              <value>
                <![CDATA["Form input nomor bpjs"]]>
              </value>
            </param>
            <param index="1">
              <value>
                <![CDATA["Upload Dokumen Testing"]]>
              </value>
            </param>
          </params>
          <exception class="io.cucumber.testng.UndefinedStepException">
            <message>
              <![CDATA[There were 2 undefined steps
The step "User ubah nomor bpjs" is undefined. You can implement it using the snippet(s) below:

@When("User ubah nomor bpjs")
public void user_ubah_nomor_bpjs() {
    // Write code here that turns the phrase above into concrete actions
    throw new io.cucumber.java.PendingException();
}

The step "Nomor bpjs berubah sesuai inputan" is undefined. You can implement it using the snippet(s) below:

@Then("Nomor bpjs berubah sesuai inputan")
public void nomor_bpjs_berubah_sesuai_inputan() {
    // Write code here that turns the phrase above into concrete actions
    throw new io.cucumber.java.PendingException();
}
]]>
            </message>
            <full-stacktrace>
              <![CDATA[io.cucumber.testng.UndefinedStepException: There were 2 undefined steps
The step "User ubah nomor bpjs" is undefined. You can implement it using the snippet(s) below:

@When("User ubah nomor bpjs")
public void user_ubah_nomor_bpjs() {
    // Write code here that turns the phrase above into concrete actions
    throw new io.cucumber.java.PendingException();
}

The step "Nomor bpjs berubah sesuai inputan" is undefined. You can implement it using the snippet(s) below:

@Then("Nomor bpjs berubah sesuai inputan")
public void nomor_bpjs_berubah_sesuai_inputan() {
    // Write code here that turns the phrase above into concrete actions
    throw new io.cucumber.java.PendingException();
}

at io.cucumber.testng.TestCaseResultObserver.assertTestCasePassed(TestCaseResultObserver.java:112)
at io.cucumber.testng.TestNGCucumberRunner.runScenario(TestNGCucumberRunner.java:125)
at io.cucumber.testng.AbstractTestNGCucumberTests.runScenario(AbstractTestNGCucumberTests.java:29)
at sun.reflect.NativeMethodAccessorImpl.invoke0(Native Method)
at sun.reflect.NativeMethodAccessorImpl.invoke(Unknown Source)
at sun.reflect.DelegatingMethodAccessorImpl.invoke(Unknown Source)
at java.lang.reflect.Method.invoke(Unknown Source)
at org.testng.internal.MethodInvocationHelper.invokeMethod(MethodInvocationHelper.java:134)
at org.testng.internal.TestInvoker.invokeMethod(TestInvoker.java:597)
at org.testng.internal.TestInvoker.invokeTestMethod(TestInvoker.java:173)
at org.testng.internal.MethodRunner.runInSequence(MethodRunner.java:46)
at org.testng.internal.TestInvoker$MethodInvocationAgent.invoke(TestInvoker.java:816)
at org.testng.internal.TestInvoker.invokeTestMethods(TestInvoker.java:146)
at org.testng.internal.TestMethodWorker.invokeTestMethods(TestMethodWorker.java:146)
at org.testng.internal.TestMethodWorker.run(TestMethodWorker.java:128)
at java.util.ArrayList.forEach(Unknown Source)
at org.testng.TestRunner.privateRun(TestRunner.java:766)
at org.testng.TestRunner.run(TestRunner.java:587)
at org.testng.SuiteRunner.runTest(SuiteRunner.java:384)
at org.testng.SuiteRunner.runSequentially(SuiteRunner.java:378)
at org.testng.SuiteRunner.privateRun(SuiteRunner.java:337)
at org.testng.SuiteRunner.run(SuiteRunner.java:286)
at org.testng.SuiteRunnerWorker.runSuite(SuiteRunnerWorker.java:53)
at org.testng.SuiteRunnerWorker.run(SuiteRunnerWorker.java:96)
at org.testng.TestNG.runSuitesSequentially(TestNG.java:1187)
at org.testng.TestNG.runSuitesLocally(TestNG.java:1109)
at org.testng.TestNG.runSuites(TestNG.java:1039)
at org.testng.TestNG.run(TestNG.java:1007)
at org.testng.remote.AbstractRemoteTestNG.run(AbstractRemoteTestNG.java:115)
at org.testng.remote.RemoteTestNG.initAndRun(RemoteTestNG.java:251)
at org.testng.remote.RemoteTestNG.main(RemoteTestNG.java:77)
]]>
            </full-stacktrace>
          </exception> <!-- io.cucumber.testng.UndefinedStepException -->
          <reporter-output>
          </reporter-output>
        </test-method> <!-- runScenario -->
        <test-method status="SKIP" signature="runScenario(io.cucumber.testng.PickleWrapper, io.cucumber.testng.FeatureWrapper)[pri:0, instance:com.siloam.RunnerFiles@2d8f65a4]" name="runScenario" duration-ms="5" started-at="2022-08-08T00:34:47 ICT" description="Runs Cucumber Scenarios" data-provider="scenarios" finished-at="2022-08-08T00:34:47 ICT">
          <params>
            <param index="0">
              <value>
                <![CDATA["Form input nomor ktp"]]>
              </value>
            </param>
            <param index="1">
              <value>
                <![CDATA["Upload Dokumen Testing"]]>
              </value>
            </param>
          </params>
          <exception class="io.cucumber.testng.UndefinedStepException">
            <message>
              <![CDATA[There were 2 undefined steps
The step "User ubah nomor ktp" is undefined. You can implement it using the snippet(s) below:

@When("User ubah nomor ktp")
public void user_ubah_nomor_ktp() {
    // Write code here that turns the phrase above into concrete actions
    throw new io.cucumber.java.PendingException();
}

The step "Nomor ktp berubah sesuai inputan" is undefined. You can implement it using the snippet(s) below:

@Then("Nomor ktp berubah sesuai inputan")
public void nomor_ktp_berubah_sesuai_inputan() {
    // Write code here that turns the phrase above into concrete actions
    throw new io.cucumber.java.PendingException();
}
]]>
            </message>
            <full-stacktrace>
              <![CDATA[io.cucumber.testng.UndefinedStepException: There were 2 undefined steps
The step "User ubah nomor ktp" is undefined. You can implement it using the snippet(s) below:

@When("User ubah nomor ktp")
public void user_ubah_nomor_ktp() {
    // Write code here that turns the phrase above into concrete actions
    throw new io.cucumber.java.PendingException();
}

The step "Nomor ktp berubah sesuai inputan" is undefined. You can implement it using the snippet(s) below:

@Then("Nomor ktp berubah sesuai inputan")
public void nomor_ktp_berubah_sesuai_inputan() {
    // Write code here that turns the phrase above into concrete actions
    throw new io.cucumber.java.PendingException();
}

at io.cucumber.testng.TestCaseResultObserver.assertTestCasePassed(TestCaseResultObserver.java:112)
at io.cucumber.testng.TestNGCucumberRunner.runScenario(TestNGCucumberRunner.java:125)
at io.cucumber.testng.AbstractTestNGCucumberTests.runScenario(AbstractTestNGCucumberTests.java:29)
at sun.reflect.NativeMethodAccessorImpl.invoke0(Native Method)
at sun.reflect.NativeMethodAccessorImpl.invoke(Unknown Source)
at sun.reflect.DelegatingMethodAccessorImpl.invoke(Unknown Source)
at java.lang.reflect.Method.invoke(Unknown Source)
at org.testng.internal.MethodInvocationHelper.invokeMethod(MethodInvocationHelper.java:134)
at org.testng.internal.TestInvoker.invokeMethod(TestInvoker.java:597)
at org.testng.internal.TestInvoker.invokeTestMethod(TestInvoker.java:173)
at org.testng.internal.MethodRunner.runInSequence(MethodRunner.java:46)
at org.testng.internal.TestInvoker$MethodInvocationAgent.invoke(TestInvoker.java:816)
at org.testng.internal.TestInvoker.invokeTestMethods(TestInvoker.java:146)
at org.testng.internal.TestMethodWorker.invokeTestMethods(TestMethodWorker.java:146)
at org.testng.internal.TestMethodWorker.run(TestMethodWorker.java:128)
at java.util.ArrayList.forEach(Unknown Source)
at org.testng.TestRunner.privateRun(TestRunner.java:766)
at org.testng.TestRunner.run(TestRunner.java:587)
at org.testng.SuiteRunner.runTest(SuiteRunner.java:384)
at org.testng.SuiteRunner.runSequentially(SuiteRunner.java:378)
at org.testng.SuiteRunner.privateRun(SuiteRunner.java:337)
at org.testng.SuiteRunner.run(SuiteRunner.java:286)
at org.testng.SuiteRunnerWorker.runSuite(SuiteRunnerWorker.java:53)
at org.testng.SuiteRunnerWorker.run(SuiteRunnerWorker.java:96)
at org.testng.TestNG.runSuitesSequentially(TestNG.java:1187)
at org.testng.TestNG.runSuitesLocally(TestNG.java:1109)
at org.testng.TestNG.runSuites(TestNG.java:1039)
at org.testng.TestNG.run(TestNG.java:1007)
at org.testng.remote.AbstractRemoteTestNG.run(AbstractRemoteTestNG.java:115)
at org.testng.remote.RemoteTestNG.initAndRun(RemoteTestNG.java:251)
at org.testng.remote.RemoteTestNG.main(RemoteTestNG.java:77)
]]>
            </full-stacktrace>
          </exception> <!-- io.cucumber.testng.UndefinedStepException -->
          <reporter-output>
          </reporter-output>
        </test-method> <!-- runScenario -->
        <test-method status="SKIP" signature="runScenario(io.cucumber.testng.PickleWrapper, io.cucumber.testng.FeatureWrapper)[pri:0, instance:com.siloam.RunnerFiles@2d8f65a4]" name="runScenario" duration-ms="8" started-at="2022-08-08T00:34:47 ICT" description="Runs Cucumber Scenarios" data-provider="scenarios" finished-at="2022-08-08T00:34:47 ICT">
          <params>
            <param index="0">
              <value>
                <![CDATA["Form input alamat"]]>
              </value>
            </param>
            <param index="1">
              <value>
                <![CDATA["Upload Dokumen Testing"]]>
              </value>
            </param>
          </params>
          <exception class="io.cucumber.testng.UndefinedStepException">
            <message>
              <![CDATA[There were 2 undefined steps
The step "User ubah alamat" is undefined. You can implement it using the snippet(s) below:

@When("User ubah alamat")
public void user_ubah_alamat() {
    // Write code here that turns the phrase above into concrete actions
    throw new io.cucumber.java.PendingException();
}

The step "Alamat berubah sesuai inputan" is undefined. You can implement it using the snippet(s) below:

@Then("Alamat berubah sesuai inputan")
public void alamat_berubah_sesuai_inputan() {
    // Write code here that turns the phrase above into concrete actions
    throw new io.cucumber.java.PendingException();
}
]]>
            </message>
            <full-stacktrace>
              <![CDATA[io.cucumber.testng.UndefinedStepException: There were 2 undefined steps
The step "User ubah alamat" is undefined. You can implement it using the snippet(s) below:

@When("User ubah alamat")
public void user_ubah_alamat() {
    // Write code here that turns the phrase above into concrete actions
    throw new io.cucumber.java.PendingException();
}

The step "Alamat berubah sesuai inputan" is undefined. You can implement it using the snippet(s) below:

@Then("Alamat berubah sesuai inputan")
public void alamat_berubah_sesuai_inputan() {
    // Write code here that turns the phrase above into concrete actions
    throw new io.cucumber.java.PendingException();
}

at io.cucumber.testng.TestCaseResultObserver.assertTestCasePassed(TestCaseResultObserver.java:112)
at io.cucumber.testng.TestNGCucumberRunner.runScenario(TestNGCucumberRunner.java:125)
at io.cucumber.testng.AbstractTestNGCucumberTests.runScenario(AbstractTestNGCucumberTests.java:29)
at sun.reflect.NativeMethodAccessorImpl.invoke0(Native Method)
at sun.reflect.NativeMethodAccessorImpl.invoke(Unknown Source)
at sun.reflect.DelegatingMethodAccessorImpl.invoke(Unknown Source)
at java.lang.reflect.Method.invoke(Unknown Source)
at org.testng.internal.MethodInvocationHelper.invokeMethod(MethodInvocationHelper.java:134)
at org.testng.internal.TestInvoker.invokeMethod(TestInvoker.java:597)
at org.testng.internal.TestInvoker.invokeTestMethod(TestInvoker.java:173)
at org.testng.internal.MethodRunner.runInSequence(MethodRunner.java:46)
at org.testng.internal.TestInvoker$MethodInvocationAgent.invoke(TestInvoker.java:816)
at org.testng.internal.TestInvoker.invokeTestMethods(TestInvoker.java:146)
at org.testng.internal.TestMethodWorker.invokeTestMethods(TestMethodWorker.java:146)
at org.testng.internal.TestMethodWorker.run(TestMethodWorker.java:128)
at java.util.ArrayList.forEach(Unknown Source)
at org.testng.TestRunner.privateRun(TestRunner.java:766)
at org.testng.TestRunner.run(TestRunner.java:587)
at org.testng.SuiteRunner.runTest(SuiteRunner.java:384)
at org.testng.SuiteRunner.runSequentially(SuiteRunner.java:378)
at org.testng.SuiteRunner.privateRun(SuiteRunner.java:337)
at org.testng.SuiteRunner.run(SuiteRunner.java:286)
at org.testng.SuiteRunnerWorker.runSuite(SuiteRunnerWorker.java:53)
at org.testng.SuiteRunnerWorker.run(SuiteRunnerWorker.java:96)
at org.testng.TestNG.runSuitesSequentially(TestNG.java:1187)
at org.testng.TestNG.runSuitesLocally(TestNG.java:1109)
at org.testng.TestNG.runSuites(TestNG.java:1039)
at org.testng.TestNG.run(TestNG.java:1007)
at org.testng.remote.AbstractRemoteTestNG.run(AbstractRemoteTestNG.java:115)
at org.testng.remote.RemoteTestNG.initAndRun(RemoteTestNG.java:251)
at org.testng.remote.RemoteTestNG.main(RemoteTestNG.java:77)
]]>
            </full-stacktrace>
          </exception> <!-- io.cucumber.testng.UndefinedStepException -->
          <reporter-output>
          </reporter-output>
        </test-method> <!-- runScenario -->
        <test-method status="SKIP" signature="runScenario(io.cucumber.testng.PickleWrapper, io.cucumber.testng.FeatureWrapper)[pri:0, instance:com.siloam.RunnerFiles@2d8f65a4]" name="runScenario" duration-ms="5" started-at="2022-08-08T00:34:47 ICT" description="Runs Cucumber Scenarios" data-provider="scenarios" finished-at="2022-08-08T00:34:47 ICT">
          <params>
            <param index="0">
              <value>
                <![CDATA["Form input kota ktp"]]>
              </value>
            </param>
            <param index="1">
              <value>
                <![CDATA["Upload Dokumen Testing"]]>
              </value>
            </param>
          </params>
          <exception class="io.cucumber.testng.UndefinedStepException">
            <message>
              <![CDATA[There were 2 undefined steps
The step "User ubah kota ktp" is undefined. You can implement it using the snippet(s) below:

@When("User ubah kota ktp")
public void user_ubah_kota_ktp() {
    // Write code here that turns the phrase above into concrete actions
    throw new io.cucumber.java.PendingException();
}

The step "kota ktp berubah sesuai pilihan" is undefined. You can implement it using the snippet(s) below:

@Then("kota ktp berubah sesuai pilihan")
public void kota_ktp_berubah_sesuai_pilihan() {
    // Write code here that turns the phrase above into concrete actions
    throw new io.cucumber.java.PendingException();
}
]]>
            </message>
            <full-stacktrace>
              <![CDATA[io.cucumber.testng.UndefinedStepException: There were 2 undefined steps
The step "User ubah kota ktp" is undefined. You can implement it using the snippet(s) below:

@When("User ubah kota ktp")
public void user_ubah_kota_ktp() {
    // Write code here that turns the phrase above into concrete actions
    throw new io.cucumber.java.PendingException();
}

The step "kota ktp berubah sesuai pilihan" is undefined. You can implement it using the snippet(s) below:

@Then("kota ktp berubah sesuai pilihan")
public void kota_ktp_berubah_sesuai_pilihan() {
    // Write code here that turns the phrase above into concrete actions
    throw new io.cucumber.java.PendingException();
}

at io.cucumber.testng.TestCaseResultObserver.assertTestCasePassed(TestCaseResultObserver.java:112)
at io.cucumber.testng.TestNGCucumberRunner.runScenario(TestNGCucumberRunner.java:125)
at io.cucumber.testng.AbstractTestNGCucumberTests.runScenario(AbstractTestNGCucumberTests.java:29)
at sun.reflect.NativeMethodAccessorImpl.invoke0(Native Method)
at sun.reflect.NativeMethodAccessorImpl.invoke(Unknown Source)
at sun.reflect.DelegatingMethodAccessorImpl.invoke(Unknown Source)
at java.lang.reflect.Method.invoke(Unknown Source)
at org.testng.internal.MethodInvocationHelper.invokeMethod(MethodInvocationHelper.java:134)
at org.testng.internal.TestInvoker.invokeMethod(TestInvoker.java:597)
at org.testng.internal.TestInvoker.invokeTestMethod(TestInvoker.java:173)
at org.testng.internal.MethodRunner.runInSequence(MethodRunner.java:46)
at org.testng.internal.TestInvoker$MethodInvocationAgent.invoke(TestInvoker.java:816)
at org.testng.internal.TestInvoker.invokeTestMethods(TestInvoker.java:146)
at org.testng.internal.TestMethodWorker.invokeTestMethods(TestMethodWorker.java:146)
at org.testng.internal.TestMethodWorker.run(TestMethodWorker.java:128)
at java.util.ArrayList.forEach(Unknown Source)
at org.testng.TestRunner.privateRun(TestRunner.java:766)
at org.testng.TestRunner.run(TestRunner.java:587)
at org.testng.SuiteRunner.runTest(SuiteRunner.java:384)
at org.testng.SuiteRunner.runSequentially(SuiteRunner.java:378)
at org.testng.SuiteRunner.privateRun(SuiteRunner.java:337)
at org.testng.SuiteRunner.run(SuiteRunner.java:286)
at org.testng.SuiteRunnerWorker.runSuite(SuiteRunnerWorker.java:53)
at org.testng.SuiteRunnerWorker.run(SuiteRunnerWorker.java:96)
at org.testng.TestNG.runSuitesSequentially(TestNG.java:1187)
at org.testng.TestNG.runSuitesLocally(TestNG.java:1109)
at org.testng.TestNG.runSuites(TestNG.java:1039)
at org.testng.TestNG.run(TestNG.java:1007)
at org.testng.remote.AbstractRemoteTestNG.run(AbstractRemoteTestNG.java:115)
at org.testng.remote.RemoteTestNG.initAndRun(RemoteTestNG.java:251)
at org.testng.remote.RemoteTestNG.main(RemoteTestNG.java:77)
]]>
            </full-stacktrace>
          </exception> <!-- io.cucumber.testng.UndefinedStepException -->
          <reporter-output>
          </reporter-output>
        </test-method> <!-- runScenario -->
        <test-method status="SKIP" signature="runScenario(io.cucumber.testng.PickleWrapper, io.cucumber.testng.FeatureWrapper)[pri:0, instance:com.siloam.RunnerFiles@2d8f65a4]" name="runScenario" duration-ms="8" started-at="2022-08-08T00:34:47 ICT" description="Runs Cucumber Scenarios" data-provider="scenarios" finished-at="2022-08-08T00:34:47 ICT">
          <params>
            <param index="0">
              <value>
                <![CDATA["Form input faskes awal"]]>
              </value>
            </param>
            <param index="1">
              <value>
                <![CDATA["Upload Dokumen Testing"]]>
              </value>
            </param>
          </params>
          <exception class="io.cucumber.testng.UndefinedStepException">
            <message>
              <![CDATA[There were 2 undefined steps
The step "User ubah faskes awal" is undefined. You can implement it using the snippet(s) below:

@When("User ubah faskes awal")
public void user_ubah_faskes_awal() {
    // Write code here that turns the phrase above into concrete actions
    throw new io.cucumber.java.PendingException();
}

The step "faskes awal berubah sesuai pilihan" is undefined. You can implement it using the snippet(s) below:

@Then("faskes awal berubah sesuai pilihan")
public void faskes_awal_berubah_sesuai_pilihan() {
    // Write code here that turns the phrase above into concrete actions
    throw new io.cucumber.java.PendingException();
}
]]>
            </message>
            <full-stacktrace>
              <![CDATA[io.cucumber.testng.UndefinedStepException: There were 2 undefined steps
The step "User ubah faskes awal" is undefined. You can implement it using the snippet(s) below:

@When("User ubah faskes awal")
public void user_ubah_faskes_awal() {
    // Write code here that turns the phrase above into concrete actions
    throw new io.cucumber.java.PendingException();
}

The step "faskes awal berubah sesuai pilihan" is undefined. You can implement it using the snippet(s) below:

@Then("faskes awal berubah sesuai pilihan")
public void faskes_awal_berubah_sesuai_pilihan() {
    // Write code here that turns the phrase above into concrete actions
    throw new io.cucumber.java.PendingException();
}

at io.cucumber.testng.TestCaseResultObserver.assertTestCasePassed(TestCaseResultObserver.java:112)
at io.cucumber.testng.TestNGCucumberRunner.runScenario(TestNGCucumberRunner.java:125)
at io.cucumber.testng.AbstractTestNGCucumberTests.runScenario(AbstractTestNGCucumberTests.java:29)
at sun.reflect.NativeMethodAccessorImpl.invoke0(Native Method)
at sun.reflect.NativeMethodAccessorImpl.invoke(Unknown Source)
at sun.reflect.DelegatingMethodAccessorImpl.invoke(Unknown Source)
at java.lang.reflect.Method.invoke(Unknown Source)
at org.testng.internal.MethodInvocationHelper.invokeMethod(MethodInvocationHelper.java:134)
at org.testng.internal.TestInvoker.invokeMethod(TestInvoker.java:597)
at org.testng.internal.TestInvoker.invokeTestMethod(TestInvoker.java:173)
at org.testng.internal.MethodRunner.runInSequence(MethodRunner.java:46)
at org.testng.internal.TestInvoker$MethodInvocationAgent.invoke(TestInvoker.java:816)
at org.testng.internal.TestInvoker.invokeTestMethods(TestInvoker.java:146)
at org.testng.internal.TestMethodWorker.invokeTestMethods(TestMethodWorker.java:146)
at org.testng.internal.TestMethodWorker.run(TestMethodWorker.java:128)
at java.util.ArrayList.forEach(Unknown Source)
at org.testng.TestRunner.privateRun(TestRunner.java:766)
at org.testng.TestRunner.run(TestRunner.java:587)
at org.testng.SuiteRunner.runTest(SuiteRunner.java:384)
at org.testng.SuiteRunner.runSequentially(SuiteRunner.java:378)
at org.testng.SuiteRunner.privateRun(SuiteRunner.java:337)
at org.testng.SuiteRunner.run(SuiteRunner.java:286)
at org.testng.SuiteRunnerWorker.runSuite(SuiteRunnerWorker.java:53)
at org.testng.SuiteRunnerWorker.run(SuiteRunnerWorker.java:96)
at org.testng.TestNG.runSuitesSequentially(TestNG.java:1187)
at org.testng.TestNG.runSuitesLocally(TestNG.java:1109)
at org.testng.TestNG.runSuites(TestNG.java:1039)
at org.testng.TestNG.run(TestNG.java:1007)
at org.testng.remote.AbstractRemoteTestNG.run(AbstractRemoteTestNG.java:115)
at org.testng.remote.RemoteTestNG.initAndRun(RemoteTestNG.java:251)
at org.testng.remote.RemoteTestNG.main(RemoteTestNG.java:77)
]]>
            </full-stacktrace>
          </exception> <!-- io.cucumber.testng.UndefinedStepException -->
          <reporter-output>
          </reporter-output>
        </test-method> <!-- runScenario -->
        <test-method status="SKIP" signature="runScenario(io.cucumber.testng.PickleWrapper, io.cucumber.testng.FeatureWrapper)[pri:0, instance:com.siloam.RunnerFiles@2d8f65a4]" name="runScenario" duration-ms="4" started-at="2022-08-08T00:34:47 ICT" description="Runs Cucumber Scenarios" data-provider="scenarios" finished-at="2022-08-08T00:34:47 ICT">
          <params>
            <param index="0">
              <value>
                <![CDATA["Form input faskes tujuan"]]>
              </value>
            </param>
            <param index="1">
              <value>
                <![CDATA["Upload Dokumen Testing"]]>
              </value>
            </param>
          </params>
          <exception class="io.cucumber.testng.UndefinedStepException">
            <message>
              <![CDATA[There were 2 undefined steps
The step "User ubah faskes tujuan" is undefined. You can implement it using the snippet(s) below:

@When("User ubah faskes tujuan")
public void user_ubah_faskes_tujuan() {
    // Write code here that turns the phrase above into concrete actions
    throw new io.cucumber.java.PendingException();
}

The step "faskes tujuan berubah sesuai pilihan" is undefined. You can implement it using the snippet(s) below:

@Then("faskes tujuan berubah sesuai pilihan")
public void faskes_tujuan_berubah_sesuai_pilihan() {
    // Write code here that turns the phrase above into concrete actions
    throw new io.cucumber.java.PendingException();
}
]]>
            </message>
            <full-stacktrace>
              <![CDATA[io.cucumber.testng.UndefinedStepException: There were 2 undefined steps
The step "User ubah faskes tujuan" is undefined. You can implement it using the snippet(s) below:

@When("User ubah faskes tujuan")
public void user_ubah_faskes_tujuan() {
    // Write code here that turns the phrase above into concrete actions
    throw new io.cucumber.java.PendingException();
}

The step "faskes tujuan berubah sesuai pilihan" is undefined. You can implement it using the snippet(s) below:

@Then("faskes tujuan berubah sesuai pilihan")
public void faskes_tujuan_berubah_sesuai_pilihan() {
    // Write code here that turns the phrase above into concrete actions
    throw new io.cucumber.java.PendingException();
}

at io.cucumber.testng.TestCaseResultObserver.assertTestCasePassed(TestCaseResultObserver.java:112)
at io.cucumber.testng.TestNGCucumberRunner.runScenario(TestNGCucumberRunner.java:125)
at io.cucumber.testng.AbstractTestNGCucumberTests.runScenario(AbstractTestNGCucumberTests.java:29)
at sun.reflect.NativeMethodAccessorImpl.invoke0(Native Method)
at sun.reflect.NativeMethodAccessorImpl.invoke(Unknown Source)
at sun.reflect.DelegatingMethodAccessorImpl.invoke(Unknown Source)
at java.lang.reflect.Method.invoke(Unknown Source)
at org.testng.internal.MethodInvocationHelper.invokeMethod(MethodInvocationHelper.java:134)
at org.testng.internal.TestInvoker.invokeMethod(TestInvoker.java:597)
at org.testng.internal.TestInvoker.invokeTestMethod(TestInvoker.java:173)
at org.testng.internal.MethodRunner.runInSequence(MethodRunner.java:46)
at org.testng.internal.TestInvoker$MethodInvocationAgent.invoke(TestInvoker.java:816)
at org.testng.internal.TestInvoker.invokeTestMethods(TestInvoker.java:146)
at org.testng.internal.TestMethodWorker.invokeTestMethods(TestMethodWorker.java:146)
at org.testng.internal.TestMethodWorker.run(TestMethodWorker.java:128)
at java.util.ArrayList.forEach(Unknown Source)
at org.testng.TestRunner.privateRun(TestRunner.java:766)
at org.testng.TestRunner.run(TestRunner.java:587)
at org.testng.SuiteRunner.runTest(SuiteRunner.java:384)
at org.testng.SuiteRunner.runSequentially(SuiteRunner.java:378)
at org.testng.SuiteRunner.privateRun(SuiteRunner.java:337)
at org.testng.SuiteRunner.run(SuiteRunner.java:286)
at org.testng.SuiteRunnerWorker.runSuite(SuiteRunnerWorker.java:53)
at org.testng.SuiteRunnerWorker.run(SuiteRunnerWorker.java:96)
at org.testng.TestNG.runSuitesSequentially(TestNG.java:1187)
at org.testng.TestNG.runSuitesLocally(TestNG.java:1109)
at org.testng.TestNG.runSuites(TestNG.java:1039)
at org.testng.TestNG.run(TestNG.java:1007)
at org.testng.remote.AbstractRemoteTestNG.run(AbstractRemoteTestNG.java:115)
at org.testng.remote.RemoteTestNG.initAndRun(RemoteTestNG.java:251)
at org.testng.remote.RemoteTestNG.main(RemoteTestNG.java:77)
]]>
            </full-stacktrace>
          </exception> <!-- io.cucumber.testng.UndefinedStepException -->
          <reporter-output>
          </reporter-output>
        </test-method> <!-- runScenario -->
        <test-method status="SKIP" signature="runScenario(io.cucumber.testng.PickleWrapper, io.cucumber.testng.FeatureWrapper)[pri:0, instance:com.siloam.RunnerFiles@2d8f65a4]" name="runScenario" duration-ms="8" started-at="2022-08-08T00:34:47 ICT" description="Runs Cucumber Scenarios" data-provider="scenarios" finished-at="2022-08-08T00:34:47 ICT">
          <params>
            <param index="0">
              <value>
                <![CDATA["Form input alasan"]]>
              </value>
            </param>
            <param index="1">
              <value>
                <![CDATA["Upload Dokumen Testing"]]>
              </value>
            </param>
          </params>
          <exception class="io.cucumber.testng.UndefinedStepException">
            <message>
              <![CDATA[There were 2 undefined steps
The step "User ubah alasan" is undefined. You can implement it using the snippet(s) below:

@When("User ubah alasan")
public void user_ubah_alasan() {
    // Write code here that turns the phrase above into concrete actions
    throw new io.cucumber.java.PendingException();
}

The step "alasan berubah sesuai pilihan" is undefined. You can implement it using the snippet(s) below:

@Then("alasan berubah sesuai pilihan")
public void alasan_berubah_sesuai_pilihan() {
    // Write code here that turns the phrase above into concrete actions
    throw new io.cucumber.java.PendingException();
}
]]>
            </message>
            <full-stacktrace>
              <![CDATA[io.cucumber.testng.UndefinedStepException: There were 2 undefined steps
The step "User ubah alasan" is undefined. You can implement it using the snippet(s) below:

@When("User ubah alasan")
public void user_ubah_alasan() {
    // Write code here that turns the phrase above into concrete actions
    throw new io.cucumber.java.PendingException();
}

The step "alasan berubah sesuai pilihan" is undefined. You can implement it using the snippet(s) below:

@Then("alasan berubah sesuai pilihan")
public void alasan_berubah_sesuai_pilihan() {
    // Write code here that turns the phrase above into concrete actions
    throw new io.cucumber.java.PendingException();
}

at io.cucumber.testng.TestCaseResultObserver.assertTestCasePassed(TestCaseResultObserver.java:112)
at io.cucumber.testng.TestNGCucumberRunner.runScenario(TestNGCucumberRunner.java:125)
at io.cucumber.testng.AbstractTestNGCucumberTests.runScenario(AbstractTestNGCucumberTests.java:29)
at sun.reflect.NativeMethodAccessorImpl.invoke0(Native Method)
at sun.reflect.NativeMethodAccessorImpl.invoke(Unknown Source)
at sun.reflect.DelegatingMethodAccessorImpl.invoke(Unknown Source)
at java.lang.reflect.Method.invoke(Unknown Source)
at org.testng.internal.MethodInvocationHelper.invokeMethod(MethodInvocationHelper.java:134)
at org.testng.internal.TestInvoker.invokeMethod(TestInvoker.java:597)
at org.testng.internal.TestInvoker.invokeTestMethod(TestInvoker.java:173)
at org.testng.internal.MethodRunner.runInSequence(MethodRunner.java:46)
at org.testng.internal.TestInvoker$MethodInvocationAgent.invoke(TestInvoker.java:816)
at org.testng.internal.TestInvoker.invokeTestMethods(TestInvoker.java:146)
at org.testng.internal.TestMethodWorker.invokeTestMethods(TestMethodWorker.java:146)
at org.testng.internal.TestMethodWorker.run(TestMethodWorker.java:128)
at java.util.ArrayList.forEach(Unknown Source)
at org.testng.TestRunner.privateRun(TestRunner.java:766)
at org.testng.TestRunner.run(TestRunner.java:587)
at org.testng.SuiteRunner.runTest(SuiteRunner.java:384)
at org.testng.SuiteRunner.runSequentially(SuiteRunner.java:378)
at org.testng.SuiteRunner.privateRun(SuiteRunner.java:337)
at org.testng.SuiteRunner.run(SuiteRunner.java:286)
at org.testng.SuiteRunnerWorker.runSuite(SuiteRunnerWorker.java:53)
at org.testng.SuiteRunnerWorker.run(SuiteRunnerWorker.java:96)
at org.testng.TestNG.runSuitesSequentially(TestNG.java:1187)
at org.testng.TestNG.runSuitesLocally(TestNG.java:1109)
at org.testng.TestNG.runSuites(TestNG.java:1039)
at org.testng.TestNG.run(TestNG.java:1007)
at org.testng.remote.AbstractRemoteTestNG.run(AbstractRemoteTestNG.java:115)
at org.testng.remote.RemoteTestNG.initAndRun(RemoteTestNG.java:251)
at org.testng.remote.RemoteTestNG.main(RemoteTestNG.java:77)
]]>
            </full-stacktrace>
          </exception> <!-- io.cucumber.testng.UndefinedStepException -->
          <reporter-output>
          </reporter-output>
        </test-method> <!-- runScenario -->
        <test-method status="SKIP" signature="runScenario(io.cucumber.testng.PickleWrapper, io.cucumber.testng.FeatureWrapper)[pri:0, instance:com.siloam.RunnerFiles@2d8f65a4]" name="runScenario" duration-ms="5" started-at="2022-08-08T00:34:47 ICT" description="Runs Cucumber Scenarios" data-provider="scenarios" finished-at="2022-08-08T00:34:47 ICT">
          <params>
            <param index="0">
              <value>
                <![CDATA["Button cancel edit"]]>
              </value>
            </param>
            <param index="1">
              <value>
                <![CDATA["Upload Dokumen Testing"]]>
              </value>
            </param>
          </params>
          <exception class="io.cucumber.testng.UndefinedStepException">
            <message>
              <![CDATA[There were 3 undefined steps
The step "User klik cancel button saat edit" is undefined. You can implement it using the snippet(s) below:

@When("User klik cancel button saat edit")
public void user_klik_cancel_button_saat_edit() {
    // Write code here that turns the phrase above into concrete actions
    throw new io.cucumber.java.PendingException();
}

The step "Menu input data nonaktif" is undefined. You can implement it using the snippet(s) below:

@Then("Menu input data nonaktif")
public void menu_input_data_nonaktif() {
    // Write code here that turns the phrase above into concrete actions
    throw new io.cucumber.java.PendingException();
}

The step "Data tidak berubah" is undefined. You can implement it using the snippet(s) below:

@Then("Data tidak berubah")
public void data_tidak_berubah() {
    // Write code here that turns the phrase above into concrete actions
    throw new io.cucumber.java.PendingException();
}
]]>
            </message>
            <full-stacktrace>
              <![CDATA[io.cucumber.testng.UndefinedStepException: There were 3 undefined steps
The step "User klik cancel button saat edit" is undefined. You can implement it using the snippet(s) below:

@When("User klik cancel button saat edit")
public void user_klik_cancel_button_saat_edit() {
    // Write code here that turns the phrase above into concrete actions
    throw new io.cucumber.java.PendingException();
}

The step "Menu input data nonaktif" is undefined. You can implement it using the snippet(s) below:

@Then("Menu input data nonaktif")
public void menu_input_data_nonaktif() {
    // Write code here that turns the phrase above into concrete actions
    throw new io.cucumber.java.PendingException();
}

The step "Data tidak berubah" is undefined. You can implement it using the snippet(s) below:

@Then("Data tidak berubah")
public void data_tidak_berubah() {
    // Write code here that turns the phrase above into concrete actions
    throw new io.cucumber.java.PendingException();
}

at io.cucumber.testng.TestCaseResultObserver.assertTestCasePassed(TestCaseResultObserver.java:112)
at io.cucumber.testng.TestNGCucumberRunner.runScenario(TestNGCucumberRunner.java:125)
at io.cucumber.testng.AbstractTestNGCucumberTests.runScenario(AbstractTestNGCucumberTests.java:29)
at sun.reflect.NativeMethodAccessorImpl.invoke0(Native Method)
at sun.reflect.NativeMethodAccessorImpl.invoke(Unknown Source)
at sun.reflect.DelegatingMethodAccessorImpl.invoke(Unknown Source)
at java.lang.reflect.Method.invoke(Unknown Source)
at org.testng.internal.MethodInvocationHelper.invokeMethod(MethodInvocationHelper.java:134)
at org.testng.internal.TestInvoker.invokeMethod(TestInvoker.java:597)
at org.testng.internal.TestInvoker.invokeTestMethod(TestInvoker.java:173)
at org.testng.internal.MethodRunner.runInSequence(MethodRunner.java:46)
at org.testng.internal.TestInvoker$MethodInvocationAgent.invoke(TestInvoker.java:816)
at org.testng.internal.TestInvoker.invokeTestMethods(TestInvoker.java:146)
at org.testng.internal.TestMethodWorker.invokeTestMethods(TestMethodWorker.java:146)
at org.testng.internal.TestMethodWorker.run(TestMethodWorker.java:128)
at java.util.ArrayList.forEach(Unknown Source)
at org.testng.TestRunner.privateRun(TestRunner.java:766)
at org.testng.TestRunner.run(TestRunner.java:587)
at org.testng.SuiteRunner.runTest(SuiteRunner.java:384)
at org.testng.SuiteRunner.runSequentially(SuiteRunner.java:378)
at org.testng.SuiteRunner.privateRun(SuiteRunner.java:337)
at org.testng.SuiteRunner.run(SuiteRunner.java:286)
at org.testng.SuiteRunnerWorker.runSuite(SuiteRunnerWorker.java:53)
at org.testng.SuiteRunnerWorker.run(SuiteRunnerWorker.java:96)
at org.testng.TestNG.runSuitesSequentially(TestNG.java:1187)
at org.testng.TestNG.runSuitesLocally(TestNG.java:1109)
at org.testng.TestNG.runSuites(TestNG.java:1039)
at org.testng.TestNG.run(TestNG.java:1007)
at org.testng.remote.AbstractRemoteTestNG.run(AbstractRemoteTestNG.java:115)
at org.testng.remote.RemoteTestNG.initAndRun(RemoteTestNG.java:251)
at org.testng.remote.RemoteTestNG.main(RemoteTestNG.java:77)
]]>
            </full-stacktrace>
          </exception> <!-- io.cucumber.testng.UndefinedStepException -->
          <reporter-output>
          </reporter-output>
        </test-method> <!-- runScenario -->
        <test-method status="SKIP" signature="runScenario(io.cucumber.testng.PickleWrapper, io.cucumber.testng.FeatureWrapper)[pri:0, instance:com.siloam.RunnerFiles@2d8f65a4]" name="runScenario" duration-ms="10" started-at="2022-08-08T00:34:47 ICT" description="Runs Cucumber Scenarios" data-provider="scenarios" finished-at="2022-08-08T00:34:47 ICT">
          <params>
            <param index="0">
              <value>
                <![CDATA["Delete file dokumen"]]>
              </value>
            </param>
            <param index="1">
              <value>
                <![CDATA["Upload Dokumen Testing"]]>
              </value>
            </param>
          </params>
          <exception class="io.cucumber.testng.UndefinedStepException">
            <message>
              <![CDATA[There were 3 undefined steps
The step "User hapus file" is undefined. You can implement it using the snippet(s) below:

@When("User hapus file")
public void user_hapus_file() {
    // Write code here that turns the phrase above into concrete actions
    throw new io.cucumber.java.PendingException();
}

The step "tampil alert konfirmasi lalu file terhapus" is undefined. You can implement it using the snippet(s) below:

@Then("tampil alert konfirmasi lalu file terhapus")
public void tampil_alert_konfirmasi_lalu_file_terhapus() {
    // Write code here that turns the phrase above into concrete actions
    throw new io.cucumber.java.PendingException();
}

The step "Button submit nonaktif" is undefined. You can implement it using the snippet(s) below:

@Then("Button submit nonaktif")
public void button_submit_nonaktif() {
    // Write code here that turns the phrase above into concrete actions
    throw new io.cucumber.java.PendingException();
}
]]>
            </message>
            <full-stacktrace>
              <![CDATA[io.cucumber.testng.UndefinedStepException: There were 3 undefined steps
The step "User hapus file" is undefined. You can implement it using the snippet(s) below:

@When("User hapus file")
public void user_hapus_file() {
    // Write code here that turns the phrase above into concrete actions
    throw new io.cucumber.java.PendingException();
}

The step "tampil alert konfirmasi lalu file terhapus" is undefined. You can implement it using the snippet(s) below:

@Then("tampil alert konfirmasi lalu file terhapus")
public void tampil_alert_konfirmasi_lalu_file_terhapus() {
    // Write code here that turns the phrase above into concrete actions
    throw new io.cucumber.java.PendingException();
}

The step "Button submit nonaktif" is undefined. You can implement it using the snippet(s) below:

@Then("Button submit nonaktif")
public void button_submit_nonaktif() {
    // Write code here that turns the phrase above into concrete actions
    throw new io.cucumber.java.PendingException();
}

at io.cucumber.testng.TestCaseResultObserver.assertTestCasePassed(TestCaseResultObserver.java:112)
at io.cucumber.testng.TestNGCucumberRunner.runScenario(TestNGCucumberRunner.java:125)
at io.cucumber.testng.AbstractTestNGCucumberTests.runScenario(AbstractTestNGCucumberTests.java:29)
at sun.reflect.NativeMethodAccessorImpl.invoke0(Native Method)
at sun.reflect.NativeMethodAccessorImpl.invoke(Unknown Source)
at sun.reflect.DelegatingMethodAccessorImpl.invoke(Unknown Source)
at java.lang.reflect.Method.invoke(Unknown Source)
at org.testng.internal.MethodInvocationHelper.invokeMethod(MethodInvocationHelper.java:134)
at org.testng.internal.TestInvoker.invokeMethod(TestInvoker.java:597)
at org.testng.internal.TestInvoker.invokeTestMethod(TestInvoker.java:173)
at org.testng.internal.MethodRunner.runInSequence(MethodRunner.java:46)
at org.testng.internal.TestInvoker$MethodInvocationAgent.invoke(TestInvoker.java:816)
at org.testng.internal.TestInvoker.invokeTestMethods(TestInvoker.java:146)
at org.testng.internal.TestMethodWorker.invokeTestMethods(TestMethodWorker.java:146)
at org.testng.internal.TestMethodWorker.run(TestMethodWorker.java:128)
at java.util.ArrayList.forEach(Unknown Source)
at org.testng.TestRunner.privateRun(TestRunner.java:766)
at org.testng.TestRunner.run(TestRunner.java:587)
at org.testng.SuiteRunner.runTest(SuiteRunner.java:384)
at org.testng.SuiteRunner.runSequentially(SuiteRunner.java:378)
at org.testng.SuiteRunner.privateRun(SuiteRunner.java:337)
at org.testng.SuiteRunner.run(SuiteRunner.java:286)
at org.testng.SuiteRunnerWorker.runSuite(SuiteRunnerWorker.java:53)
at org.testng.SuiteRunnerWorker.run(SuiteRunnerWorker.java:96)
at org.testng.TestNG.runSuitesSequentially(TestNG.java:1187)
at org.testng.TestNG.runSuitesLocally(TestNG.java:1109)
at org.testng.TestNG.runSuites(TestNG.java:1039)
at org.testng.TestNG.run(TestNG.java:1007)
at org.testng.remote.AbstractRemoteTestNG.run(AbstractRemoteTestNG.java:115)
at org.testng.remote.RemoteTestNG.initAndRun(RemoteTestNG.java:251)
at org.testng.remote.RemoteTestNG.main(RemoteTestNG.java:77)
]]>
            </full-stacktrace>
          </exception> <!-- io.cucumber.testng.UndefinedStepException -->
          <reporter-output>
          </reporter-output>
        </test-method> <!-- runScenario -->
        <test-method status="SKIP" signature="runScenario(io.cucumber.testng.PickleWrapper, io.cucumber.testng.FeatureWrapper)[pri:0, instance:com.siloam.RunnerFiles@2d8f65a4]" name="runScenario" duration-ms="4" started-at="2022-08-08T00:34:47 ICT" description="Runs Cucumber Scenarios" data-provider="scenarios" finished-at="2022-08-08T00:34:47 ICT">
          <params>
            <param index="0">
              <value>
                <![CDATA["Preview dokumen perjanjian"]]>
              </value>
            </param>
            <param index="1">
              <value>
                <![CDATA["Upload Dokumen Testing"]]>
              </value>
            </param>
          </params>
          <exception class="io.cucumber.testng.UndefinedStepException">
            <message>
              <![CDATA[There were 2 undefined steps
The step "User check preview perjanjian" is undefined. You can implement it using the snippet(s) below:

@When("User check preview perjanjian")
public void user_check_preview_perjanjian() {
    // Write code here that turns the phrase above into concrete actions
    throw new io.cucumber.java.PendingException();
}

The step "Data sama dengan inputan" is undefined. You can implement it using the snippet(s) below:

@Then("Data sama dengan inputan")
public void data_sama_dengan_inputan() {
    // Write code here that turns the phrase above into concrete actions
    throw new io.cucumber.java.PendingException();
}
]]>
            </message>
            <full-stacktrace>
              <![CDATA[io.cucumber.testng.UndefinedStepException: There were 2 undefined steps
The step "User check preview perjanjian" is undefined. You can implement it using the snippet(s) below:

@When("User check preview perjanjian")
public void user_check_preview_perjanjian() {
    // Write code here that turns the phrase above into concrete actions
    throw new io.cucumber.java.PendingException();
}

The step "Data sama dengan inputan" is undefined. You can implement it using the snippet(s) below:

@Then("Data sama dengan inputan")
public void data_sama_dengan_inputan() {
    // Write code here that turns the phrase above into concrete actions
    throw new io.cucumber.java.PendingException();
}

at io.cucumber.testng.TestCaseResultObserver.assertTestCasePassed(TestCaseResultObserver.java:112)
at io.cucumber.testng.TestNGCucumberRunner.runScenario(TestNGCucumberRunner.java:125)
at io.cucumber.testng.AbstractTestNGCucumberTests.runScenario(AbstractTestNGCucumberTests.java:29)
at sun.reflect.NativeMethodAccessorImpl.invoke0(Native Method)
at sun.reflect.NativeMethodAccessorImpl.invoke(Unknown Source)
at sun.reflect.DelegatingMethodAccessorImpl.invoke(Unknown Source)
at java.lang.reflect.Method.invoke(Unknown Source)
at org.testng.internal.MethodInvocationHelper.invokeMethod(MethodInvocationHelper.java:134)
at org.testng.internal.TestInvoker.invokeMethod(TestInvoker.java:597)
at org.testng.internal.TestInvoker.invokeTestMethod(TestInvoker.java:173)
at org.testng.internal.MethodRunner.runInSequence(MethodRunner.java:46)
at org.testng.internal.TestInvoker$MethodInvocationAgent.invoke(TestInvoker.java:816)
at org.testng.internal.TestInvoker.invokeTestMethods(TestInvoker.java:146)
at org.testng.internal.TestMethodWorker.invokeTestMethods(TestMethodWorker.java:146)
at org.testng.internal.TestMethodWorker.run(TestMethodWorker.java:128)
at java.util.ArrayList.forEach(Unknown Source)
at org.testng.TestRunner.privateRun(TestRunner.java:766)
at org.testng.TestRunner.run(TestRunner.java:587)
at org.testng.SuiteRunner.runTest(SuiteRunner.java:384)
at org.testng.SuiteRunner.runSequentially(SuiteRunner.java:378)
at org.testng.SuiteRunner.privateRun(SuiteRunner.java:337)
at org.testng.SuiteRunner.run(SuiteRunner.java:286)
at org.testng.SuiteRunnerWorker.runSuite(SuiteRunnerWorker.java:53)
at org.testng.SuiteRunnerWorker.run(SuiteRunnerWorker.java:96)
at org.testng.TestNG.runSuitesSequentially(TestNG.java:1187)
at org.testng.TestNG.runSuitesLocally(TestNG.java:1109)
at org.testng.TestNG.runSuites(TestNG.java:1039)
at org.testng.TestNG.run(TestNG.java:1007)
at org.testng.remote.AbstractRemoteTestNG.run(AbstractRemoteTestNG.java:115)
at org.testng.remote.RemoteTestNG.initAndRun(RemoteTestNG.java:251)
at org.testng.remote.RemoteTestNG.main(RemoteTestNG.java:77)
]]>
            </full-stacktrace>
          </exception> <!-- io.cucumber.testng.UndefinedStepException -->
          <reporter-output>
          </reporter-output>
        </test-method> <!-- runScenario -->
        <test-method status="SKIP" signature="runScenario(io.cucumber.testng.PickleWrapper, io.cucumber.testng.FeatureWrapper)[pri:0, instance:com.siloam.RunnerFiles@2d8f65a4]" name="runScenario" duration-ms="9" started-at="2022-08-08T00:34:47 ICT" description="Runs Cucumber Scenarios" data-provider="scenarios" finished-at="2022-08-08T00:34:47 ICT">
          <params>
            <param index="0">
              <value>
                <![CDATA["Button submit"]]>
              </value>
            </param>
            <param index="1">
              <value>
                <![CDATA["Upload Dokumen Testing"]]>
              </value>
            </param>
          </params>
          <exception class="io.cucumber.testng.UndefinedStepException">
            <message>
              <![CDATA[There were 3 undefined steps
The step "User klik button submit" is undefined. You can implement it using the snippet(s) below:

@When("User klik button submit")
public void user_klik_button_submit() {
    // Write code here that turns the phrase above into concrete actions
    throw new io.cucumber.java.PendingException();
}

The step "klik ok alert verifikasi" is undefined. You can implement it using the snippet(s) below:

@When("klik ok alert verifikasi")
public void klik_ok_alert_verifikasi() {
    // Write code here that turns the phrase above into concrete actions
    throw new io.cucumber.java.PendingException();
}

The step "Menampilkan halaman input data dan notifikasi ttd digital berhasil" is undefined. You can implement it using the snippet(s) below:

@Then("Menampilkan halaman input data dan notifikasi ttd digital berhasil")
public void menampilkan_halaman_input_data_dan_notifikasi_ttd_digital_berhasil() {
    // Write code here that turns the phrase above into concrete actions
    throw new io.cucumber.java.PendingException();
}
]]>
            </message>
            <full-stacktrace>
              <![CDATA[io.cucumber.testng.UndefinedStepException: There were 3 undefined steps
The step "User klik button submit" is undefined. You can implement it using the snippet(s) below:

@When("User klik button submit")
public void user_klik_button_submit() {
    // Write code here that turns the phrase above into concrete actions
    throw new io.cucumber.java.PendingException();
}

The step "klik ok alert verifikasi" is undefined. You can implement it using the snippet(s) below:

@When("klik ok alert verifikasi")
public void klik_ok_alert_verifikasi() {
    // Write code here that turns the phrase above into concrete actions
    throw new io.cucumber.java.PendingException();
}

The step "Menampilkan halaman input data dan notifikasi ttd digital berhasil" is undefined. You can implement it using the snippet(s) below:

@Then("Menampilkan halaman input data dan notifikasi ttd digital berhasil")
public void menampilkan_halaman_input_data_dan_notifikasi_ttd_digital_berhasil() {
    // Write code here that turns the phrase above into concrete actions
    throw new io.cucumber.java.PendingException();
}

at io.cucumber.testng.TestCaseResultObserver.assertTestCasePassed(TestCaseResultObserver.java:112)
at io.cucumber.testng.TestNGCucumberRunner.runScenario(TestNGCucumberRunner.java:125)
at io.cucumber.testng.AbstractTestNGCucumberTests.runScenario(AbstractTestNGCucumberTests.java:29)
at sun.reflect.NativeMethodAccessorImpl.invoke0(Native Method)
at sun.reflect.NativeMethodAccessorImpl.invoke(Unknown Source)
at sun.reflect.DelegatingMethodAccessorImpl.invoke(Unknown Source)
at java.lang.reflect.Method.invoke(Unknown Source)
at org.testng.internal.MethodInvocationHelper.invokeMethod(MethodInvocationHelper.java:134)
at org.testng.internal.TestInvoker.invokeMethod(TestInvoker.java:597)
at org.testng.internal.TestInvoker.invokeTestMethod(TestInvoker.java:173)
at org.testng.internal.MethodRunner.runInSequence(MethodRunner.java:46)
at org.testng.internal.TestInvoker$MethodInvocationAgent.invoke(TestInvoker.java:816)
at org.testng.internal.TestInvoker.invokeTestMethods(TestInvoker.java:146)
at org.testng.internal.TestMethodWorker.invokeTestMethods(TestMethodWorker.java:146)
at org.testng.internal.TestMethodWorker.run(TestMethodWorker.java:128)
at java.util.ArrayList.forEach(Unknown Source)
at org.testng.TestRunner.privateRun(TestRunner.java:766)
at org.testng.TestRunner.run(TestRunner.java:587)
at org.testng.SuiteRunner.runTest(SuiteRunner.java:384)
at org.testng.SuiteRunner.runSequentially(SuiteRunner.java:378)
at org.testng.SuiteRunner.privateRun(SuiteRunner.java:337)
at org.testng.SuiteRunner.run(SuiteRunner.java:286)
at org.testng.SuiteRunnerWorker.runSuite(SuiteRunnerWorker.java:53)
at org.testng.SuiteRunnerWorker.run(SuiteRunnerWorker.java:96)
at org.testng.TestNG.runSuitesSequentially(TestNG.java:1187)
at org.testng.TestNG.runSuitesLocally(TestNG.java:1109)
at org.testng.TestNG.runSuites(TestNG.java:1039)
at org.testng.TestNG.run(TestNG.java:1007)
at org.testng.remote.AbstractRemoteTestNG.run(AbstractRemoteTestNG.java:115)
at org.testng.remote.RemoteTestNG.initAndRun(RemoteTestNG.java:251)
at org.testng.remote.RemoteTestNG.main(RemoteTestNG.java:77)
]]>
            </full-stacktrace>
          </exception> <!-- io.cucumber.testng.UndefinedStepException -->
          <reporter-output>
          </reporter-output>
        </test-method> <!-- runScenario -->
        <test-method status="SKIP" signature="runScenario(io.cucumber.testng.PickleWrapper, io.cucumber.testng.FeatureWrapper)[pri:0, instance:com.siloam.RunnerFiles@2d8f65a4]" name="runScenario" duration-ms="6" started-at="2022-08-08T00:34:47 ICT" description="Runs Cucumber Scenarios" data-provider="scenarios" finished-at="2022-08-08T00:34:47 ICT">
          <params>
            <param index="0">
              <value>
                <![CDATA["Akses menu upload document"]]>
              </value>
            </param>
            <param index="1">
              <value>
                <![CDATA["Upload Dokumen Testing"]]>
              </value>
            </param>
          </params>
          <exception class="io.cucumber.testng.UndefinedStepException">
            <message>
              <![CDATA[There were 2 undefined steps
The step "User sales akses menu upload" is undefined. You can implement it using the snippet(s) below:

@When("User sales akses menu upload")
public void user_sales_akses_menu_upload() {
    // Write code here that turns the phrase above into concrete actions
    throw new io.cucumber.java.PendingException();
}

The step "Menampilkan halaman upload document" is undefined. You can implement it using the snippet(s) below:

@Then("Menampilkan halaman upload document")
public void menampilkan_halaman_upload_document() {
    // Write code here that turns the phrase above into concrete actions
    throw new io.cucumber.java.PendingException();
}
]]>
            </message>
            <full-stacktrace>
              <![CDATA[io.cucumber.testng.UndefinedStepException: There were 2 undefined steps
The step "User sales akses menu upload" is undefined. You can implement it using the snippet(s) below:

@When("User sales akses menu upload")
public void user_sales_akses_menu_upload() {
    // Write code here that turns the phrase above into concrete actions
    throw new io.cucumber.java.PendingException();
}

The step "Menampilkan halaman upload document" is undefined. You can implement it using the snippet(s) below:

@Then("Menampilkan halaman upload document")
public void menampilkan_halaman_upload_document() {
    // Write code here that turns the phrase above into concrete actions
    throw new io.cucumber.java.PendingException();
}

at io.cucumber.testng.TestCaseResultObserver.assertTestCasePassed(TestCaseResultObserver.java:112)
at io.cucumber.testng.TestNGCucumberRunner.runScenario(TestNGCucumberRunner.java:125)
at io.cucumber.testng.AbstractTestNGCucumberTests.runScenario(AbstractTestNGCucumberTests.java:29)
at sun.reflect.NativeMethodAccessorImpl.invoke0(Native Method)
at sun.reflect.NativeMethodAccessorImpl.invoke(Unknown Source)
at sun.reflect.DelegatingMethodAccessorImpl.invoke(Unknown Source)
at java.lang.reflect.Method.invoke(Unknown Source)
at org.testng.internal.MethodInvocationHelper.invokeMethod(MethodInvocationHelper.java:134)
at org.testng.internal.TestInvoker.invokeMethod(TestInvoker.java:597)
at org.testng.internal.TestInvoker.invokeTestMethod(TestInvoker.java:173)
at org.testng.internal.MethodRunner.runInSequence(MethodRunner.java:46)
at org.testng.internal.TestInvoker$MethodInvocationAgent.invoke(TestInvoker.java:816)
at org.testng.internal.TestInvoker.invokeTestMethods(TestInvoker.java:146)
at org.testng.internal.TestMethodWorker.invokeTestMethods(TestMethodWorker.java:146)
at org.testng.internal.TestMethodWorker.run(TestMethodWorker.java:128)
at java.util.ArrayList.forEach(Unknown Source)
at org.testng.TestRunner.privateRun(TestRunner.java:766)
at org.testng.TestRunner.run(TestRunner.java:587)
at org.testng.SuiteRunner.runTest(SuiteRunner.java:384)
at org.testng.SuiteRunner.runSequentially(SuiteRunner.java:378)
at org.testng.SuiteRunner.privateRun(SuiteRunner.java:337)
at org.testng.SuiteRunner.run(SuiteRunner.java:286)
at org.testng.SuiteRunnerWorker.runSuite(SuiteRunnerWorker.java:53)
at org.testng.SuiteRunnerWorker.run(SuiteRunnerWorker.java:96)
at org.testng.TestNG.runSuitesSequentially(TestNG.java:1187)
at org.testng.TestNG.runSuitesLocally(TestNG.java:1109)
at org.testng.TestNG.runSuites(TestNG.java:1039)
at org.testng.TestNG.run(TestNG.java:1007)
at org.testng.remote.AbstractRemoteTestNG.run(AbstractRemoteTestNG.java:115)
at org.testng.remote.RemoteTestNG.initAndRun(RemoteTestNG.java:251)
at org.testng.remote.RemoteTestNG.main(RemoteTestNG.java:77)
]]>
            </full-stacktrace>
          </exception> <!-- io.cucumber.testng.UndefinedStepException -->
          <reporter-output>
          </reporter-output>
        </test-method> <!-- runScenario -->
        <test-method status="SKIP" signature="runScenario(io.cucumber.testng.PickleWrapper, io.cucumber.testng.FeatureWrapper)[pri:0, instance:com.siloam.RunnerFiles@2d8f65a4]" name="runScenario" duration-ms="9" started-at="2022-08-08T00:34:47 ICT" description="Runs Cucumber Scenarios" data-provider="scenarios" finished-at="2022-08-08T00:34:47 ICT">
          <params>
            <param index="0">
              <value>
                <![CDATA["Klik cancel button saat menambahkan foto faskes awal"]]>
              </value>
            </param>
            <param index="1">
              <value>
                <![CDATA["Upload Dokumen Testing"]]>
              </value>
            </param>
          </params>
          <exception class="io.cucumber.testng.UndefinedStepException">
            <message>
              <![CDATA[There were 3 undefined steps
The step "User tambah foto" is undefined. You can implement it using the snippet(s) below:

@When("User tambah foto")
public void user_tambah_foto() {
    // Write code here that turns the phrase above into concrete actions
    throw new io.cucumber.java.PendingException();
}

The step "klik tombol cancel" is undefined. You can implement it using the snippet(s) below:

@When("klik tombol cancel")
public void klik_tombol_cancel() {
    // Write code here that turns the phrase above into concrete actions
    throw new io.cucumber.java.PendingException();
}

The step "halaman kembali ke menu upload tanpa foto terupload" is undefined. You can implement it using the snippet(s) below:

@Then("halaman kembali ke menu upload tanpa foto terupload")
public void halaman_kembali_ke_menu_upload_tanpa_foto_terupload() {
    // Write code here that turns the phrase above into concrete actions
    throw new io.cucumber.java.PendingException();
}
]]>
            </message>
            <full-stacktrace>
              <![CDATA[io.cucumber.testng.UndefinedStepException: There were 3 undefined steps
The step "User tambah foto" is undefined. You can implement it using the snippet(s) below:

@When("User tambah foto")
public void user_tambah_foto() {
    // Write code here that turns the phrase above into concrete actions
    throw new io.cucumber.java.PendingException();
}

The step "klik tombol cancel" is undefined. You can implement it using the snippet(s) below:

@When("klik tombol cancel")
public void klik_tombol_cancel() {
    // Write code here that turns the phrase above into concrete actions
    throw new io.cucumber.java.PendingException();
}

The step "halaman kembali ke menu upload tanpa foto terupload" is undefined. You can implement it using the snippet(s) below:

@Then("halaman kembali ke menu upload tanpa foto terupload")
public void halaman_kembali_ke_menu_upload_tanpa_foto_terupload() {
    // Write code here that turns the phrase above into concrete actions
    throw new io.cucumber.java.PendingException();
}

at io.cucumber.testng.TestCaseResultObserver.assertTestCasePassed(TestCaseResultObserver.java:112)
at io.cucumber.testng.TestNGCucumberRunner.runScenario(TestNGCucumberRunner.java:125)
at io.cucumber.testng.AbstractTestNGCucumberTests.runScenario(AbstractTestNGCucumberTests.java:29)
at sun.reflect.GeneratedMethodAccessor1.invoke(Unknown Source)
at sun.reflect.DelegatingMethodAccessorImpl.invoke(Unknown Source)
at java.lang.reflect.Method.invoke(Unknown Source)
at org.testng.internal.MethodInvocationHelper.invokeMethod(MethodInvocationHelper.java:134)
at org.testng.internal.TestInvoker.invokeMethod(TestInvoker.java:597)
at org.testng.internal.TestInvoker.invokeTestMethod(TestInvoker.java:173)
at org.testng.internal.MethodRunner.runInSequence(MethodRunner.java:46)
at org.testng.internal.TestInvoker$MethodInvocationAgent.invoke(TestInvoker.java:816)
at org.testng.internal.TestInvoker.invokeTestMethods(TestInvoker.java:146)
at org.testng.internal.TestMethodWorker.invokeTestMethods(TestMethodWorker.java:146)
at org.testng.internal.TestMethodWorker.run(TestMethodWorker.java:128)
at java.util.ArrayList.forEach(Unknown Source)
at org.testng.TestRunner.privateRun(TestRunner.java:766)
at org.testng.TestRunner.run(TestRunner.java:587)
at org.testng.SuiteRunner.runTest(SuiteRunner.java:384)
at org.testng.SuiteRunner.runSequentially(SuiteRunner.java:378)
at org.testng.SuiteRunner.privateRun(SuiteRunner.java:337)
at org.testng.SuiteRunner.run(SuiteRunner.java:286)
at org.testng.SuiteRunnerWorker.runSuite(SuiteRunnerWorker.java:53)
at org.testng.SuiteRunnerWorker.run(SuiteRunnerWorker.java:96)
at org.testng.TestNG.runSuitesSequentially(TestNG.java:1187)
at org.testng.TestNG.runSuitesLocally(TestNG.java:1109)
at org.testng.TestNG.runSuites(TestNG.java:1039)
at org.testng.TestNG.run(TestNG.java:1007)
at org.testng.remote.AbstractRemoteTestNG.run(AbstractRemoteTestNG.java:115)
at org.testng.remote.RemoteTestNG.initAndRun(RemoteTestNG.java:251)
at org.testng.remote.RemoteTestNG.main(RemoteTestNG.java:77)
]]>
            </full-stacktrace>
          </exception> <!-- io.cucumber.testng.UndefinedStepException -->
          <reporter-output>
          </reporter-output>
        </test-method> <!-- runScenario -->
        <test-method status="SKIP" signature="runScenario(io.cucumber.testng.PickleWrapper, io.cucumber.testng.FeatureWrapper)[pri:0, instance:com.siloam.RunnerFiles@2d8f65a4]" name="runScenario" duration-ms="6" started-at="2022-08-08T00:34:47 ICT" description="Runs Cucumber Scenarios" data-provider="scenarios" finished-at="2022-08-08T00:34:47 ICT">
          <params>
            <param index="0">
              <value>
                <![CDATA["Upload foto faskes awal file size diatas 5mb"]]>
              </value>
            </param>
            <param index="1">
              <value>
                <![CDATA["Upload Dokumen Testing"]]>
              </value>
            </param>
          </params>
          <exception class="io.cucumber.testng.UndefinedStepException">
            <message>
              <![CDATA[There were 3 undefined steps
The step "User tambah foto faskes awal" is undefined. You can implement it using the snippet(s) below:

@When("User tambah foto faskes awal")
public void user_tambah_foto_faskes_awal() {
    // Write code here that turns the phrase above into concrete actions
    throw new io.cucumber.java.PendingException();
}

The step "Upload tidak diproses" is undefined. You can implement it using the snippet(s) below:

@Then("Upload tidak diproses")
public void upload_tidak_diproses() {
    // Write code here that turns the phrase above into concrete actions
    throw new io.cucumber.java.PendingException();
}

The step "Muncul notifikasi upload error" is undefined. You can implement it using the snippet(s) below:

@Then("Muncul notifikasi upload error")
public void muncul_notifikasi_upload_error() {
    // Write code here that turns the phrase above into concrete actions
    throw new io.cucumber.java.PendingException();
}
]]>
            </message>
            <full-stacktrace>
              <![CDATA[io.cucumber.testng.UndefinedStepException: There were 3 undefined steps
The step "User tambah foto faskes awal" is undefined. You can implement it using the snippet(s) below:

@When("User tambah foto faskes awal")
public void user_tambah_foto_faskes_awal() {
    // Write code here that turns the phrase above into concrete actions
    throw new io.cucumber.java.PendingException();
}

The step "Upload tidak diproses" is undefined. You can implement it using the snippet(s) below:

@Then("Upload tidak diproses")
public void upload_tidak_diproses() {
    // Write code here that turns the phrase above into concrete actions
    throw new io.cucumber.java.PendingException();
}

The step "Muncul notifikasi upload error" is undefined. You can implement it using the snippet(s) below:

[...]
    throw new io.cucumber.java.PendingException();
}
]]>
            </message>
            <full-stacktrace>
              <![CDATA[io.cucumber.testng.UndefinedStepException: There were 3 undefined steps
The step "User tambah foto ttd" is undefined. You can implement it using the snippet(s) below:

@When("User tambah foto ttd")
public void user_tambah_foto_ttd() {
    // Write code here that turns the phrase above into concrete actions
    throw new io.cucumber.java.PendingException();
}

The step "Upload tidak diproses" is undefined. You can implement it using the snippet(s) below:

@Then("Upload tidak diproses")
public void upload_tidak_diproses() {
    // Write code here that turns the phrase above into concrete actions
    throw new io.cucumber.java.PendingException();
}

The step "Muncul notifikasi upload error" is undefined. You can implement it using the snippet(s) below:

@Then("Muncul notifikasi upload error")
public void muncul_notifikasi_upload_error() {
    // Write code here that turns the phrase above into concrete actions
    throw new io.cucumber.java.PendingException();
}

at io.cucumber.testng.TestCaseResultObserver.assertTestCasePassed(TestCaseResultObserver.java:112)
at io.cucumber.testng.TestNGCucumberRunner.runScenario(TestNGCucumberRunner.java:125)
at io.cucumber.testng.AbstractTestNGCucumberTests.runScenario(AbstractTestNGCucumberTests.java:29)
at sun.reflect.GeneratedMethodAccessor1.invoke(Unknown Source)
at sun.reflect.DelegatingMethodAccessorImpl.invoke(Unknown Source)
at java.lang.reflect.Method.invoke(Unknown Source)
at org.testng.internal.MethodInvocationHelper.invokeMethod(MethodInvocationHelper.java:134)
at org.testng.internal.TestInvoker.invokeMethod(TestInvoker.java:597)
at org.testng.internal.TestInvoker.invokeTestMethod(TestInvoker.java:173)
at org.testng.internal.MethodRunner.runInSequence(MethodRunner.java:46)
at org.testng.internal.TestInvoker$MethodInvocationAgent.invoke(TestInvoker.java:816)
at org.testng.internal.TestInvoker.invokeTestMethods(TestInvoker.java:146)
at org.testng.internal.TestMethodWorker.invokeTestMethods(TestMethodWorker.java:146)
at org.testng.internal.TestMethodWorker.run(TestMethodWorker.java:128)
at java.util.ArrayList.forEach(Unknown Source)
at org.testng.TestRunner.privateRun(TestRunner.java:766)
at org.testng.TestRunner.run(TestRunner.java:587)
at org.testng.SuiteRunner.runTest(SuiteRunner.java:384)
at org.testng.SuiteRunner.runSequentially(SuiteRunner.java:378)
at org.testng.SuiteRunner.privateRun(SuiteRunner.java:337)
at org.testng.SuiteRunner.run(SuiteRunner.java:286)
at org.testng.SuiteRunnerWorker.runSuite(SuiteRunnerWorker.java:53)
at org.testng.SuiteRunnerWorker.run(SuiteRunnerWorker.java:96)
at org.testng.TestNG.runSuitesSequentially(TestNG.java:1187)
at org.testng.TestNG.runSuitesLocally(TestNG.java:1109)
at org.testng.TestNG.runSuites(TestNG.java:1039)
at org.testng.TestNG.run(TestNG.java:1007)
at org.testng.remote.AbstractRemoteTestNG.run(AbstractRemoteTestNG.java:115)
at org.testng.remote.RemoteTestNG.initAndRun(RemoteTestNG.java:251)
at org.testng.remote.RemoteTestNG.main(RemoteTestNG.java:77)
]]>
            </full-stacktrace>
          </exception> <!-- io.cucumber.testng.UndefinedStepException -->
          <reporter-output>
          </reporter-output>
        </test-method> <!-- runScenario -->
        <test-method status="SKIP" signature="runScenario(io.cucumber.testng.PickleWrapper, io.cucumber.testng.FeatureWrapper)[pri:0, instance:com.siloam.RunnerFiles@2d8f65a4]" name="runScenario" duration-ms="4" started-at="2022-08-08T00:34:47 ICT" description="Runs Cucumber Scenarios" data-provider="scenarios" finished-at="2022-08-08T00:34:47 ICT">
          <params>
            <param index="0">
              <value>
                <![CDATA["Upload foto ttd dengan benar"]]>
              </value>
            </param>
            <param index="1">
              <value>
                <![CDATA["Upload Dokumen Testing"]]>
              </value>
            </param>
          </params>
          <exception class="io.cucumber.testng.UndefinedStepException">
            <message>
              <![CDATA[There were 3 undefined steps
The step "User tambah foto ttd" is undefined. You can implement it using the snippet(s) below:

@When("User tambah foto ttd")
public void user_tambah_foto_ttd() {
    // Write code here that turns the phrase above into concrete actions
    throw new io.cucumber.java.PendingException();
}

The step "Muncul pop up data berhasil diupload" is undefined. You can implement it using the snippet(s) below:

@Then("Muncul pop up data berhasil diupload")
public void muncul_pop_up_data_berhasil_diupload() {
    // Write code here that turns the phrase above into concrete actions
    throw new io.cucumber.java.PendingException();
}

The step "Kembali ke menu sebelumnya menampilkan foto yang terupload" is undefined. You can implement it using the snippet(s) below:

@Then("Kembali ke menu sebelumnya menampilkan foto yang terupload")
public void kembali_ke_menu_sebelumnya_menampilkan_foto_yang_terupload() {
    // Write code here that turns the phrase above into concrete actions
    throw new io.cucumber.java.PendingException();
}
]]>
            </message>
            <full-stacktrace>
              <![CDATA[io.cucumber.testng.UndefinedStepException: There were 3 undefined steps
The step "User tambah foto ttd" is undefined. You can implement it using the snippet(s) below:

@When("User tambah foto ttd")
public void user_tambah_foto_ttd() {
    // Write code here that turns the phrase above into concrete actions
    throw new io.cucumber.java.PendingException();
}

The step "Muncul pop up data berhasil diupload" is undefined. You can implement it using the snippet(s) below:

@Then("Muncul pop up data berhasil diupload")
public void muncul_pop_up_data_berhasil_diupload() {
    // Write code here that turns the phrase above into concrete actions
    throw new io.cucumber.java.PendingException();
}

The step "Kembali ke menu sebelumnya menampilkan foto yang terupload" is undefined. You can implement it using the snippet(s) below:

@Then("Kembali ke menu sebelumnya menampilkan foto yang terupload")
public void kembali_ke_menu_sebelumnya_menampilkan_foto_yang_terupload() {
    // Write code here that turns the phrase above into concrete actions
    throw new io.cucumber.java.PendingException();
}

at io.cucumber.testng.TestCaseResultObserver.assertTestCasePassed(TestCaseResultObserver.java:112)
at io.cucumber.testng.TestNGCucumberRunner.runScenario(TestNGCucumberRunner.java:125)
at io.cucumber.testng.AbstractTestNGCucumberTests.runScenario(AbstractTestNGCucumberTests.java:29)
at sun.reflect.GeneratedMethodAccessor1.invoke(Unknown Source)
at sun.reflect.DelegatingMethodAccessorImpl.invoke(Unknown Source)
at java.lang.reflect.Method.invoke(Unknown Source)
at org.testng.internal.MethodInvocationHelper.invokeMethod(MethodInvocationHelper.java:134)
at org.testng.internal.TestInvoker.invokeMethod(TestInvoker.java:597)
at org.testng.internal.TestInvoker.invokeTestMethod(TestInvoker.java:173)
at org.testng.internal.MethodRunner.runInSequence(MethodRunner.java:46)
at org.testng.internal.TestInvoker$MethodInvocationAgent.invoke(TestInvoker.java:816)
at org.testng.internal.TestInvoker.invokeTestMethods(TestInvoker.java:146)
at org.testng.internal.TestMethodWorker.invokeTestMethods(TestMethodWorker.java:146)
at org.testng.internal.TestMethodWorker.run(TestMethodWorker.java:128)
at java.util.ArrayList.forEach(Unknown Source)
at org.testng.TestRunner.privateRun(TestRunner.java:766)
at org.testng.TestRunner.run(TestRunner.java:587)
at org.testng.SuiteRunner.runTest(SuiteRunner.java:384)
at org.testng.SuiteRunner.runSequentially(SuiteRunner.java:378)
at org.testng.SuiteRunner.privateRun(SuiteRunner.java:337)
at org.testng.SuiteRunner.run(SuiteRunner.java:286)
at org.testng.SuiteRunnerWorker.runSuite(SuiteRunnerWorker.java:53)
at org.testng.SuiteRunnerWorker.run(SuiteRunnerWorker.java:96)
at org.testng.TestNG.runSuitesSequentially(TestNG.java:1187)
at org.testng.TestNG.runSuitesLocally(TestNG.java:1109)
at org.testng.TestNG.runSuites(TestNG.java:1039)
at org.testng.TestNG.run(TestNG.java:1007)
at org.testng.remote.AbstractRemoteTestNG.run(AbstractRemoteTestNG.java:115)
at org.testng.remote.RemoteTestNG.initAndRun(RemoteTestNG.java:251)
at org.testng.remote.RemoteTestNG.main(RemoteTestNG.java:77)
]]>
            </full-stacktrace>
          </exception> <!-- io.cucumber.testng.UndefinedStepException -->
          <reporter-output>
          </reporter-output>
        </test-method> <!-- runScenario -->
        <test-method status="SKIP" signature="runScenario(io.cucumber.testng.PickleWrapper, io.cucumber.testng.FeatureWrapper)[pri:0, instance:com.siloam.RunnerFiles@2d8f65a4]" name="runScenario" duration-ms="3" started-at="2022-08-08T00:34:47 ICT" description="Runs Cucumber Scenarios" data-provider="scenarios" finished-at="2022-08-08T00:34:47 ICT">
          <params>
            <param index="0">
              <value>
                <![CDATA["Menambahkan lengkap foto yang diminta sistem"]]>
              </value>
            </param>
            <param index="1">
              <value>
                <![CDATA["Upload Dokumen Testing"]]>
              </value>
            </param>
          </params>
          <exception class="io.cucumber.testng.UndefinedStepException">
            <message>
              <![CDATA[There were 3 undefined steps
The step "User upload tiga foto yang diminta sistem" is undefined. You can implement it using the snippet(s) below:

@When("User upload tiga foto yang diminta sistem")
public void user_upload_tiga_foto_yang_diminta_sistem() {
    // Write code here that turns the phrase above into concrete actions
    throw new io.cucumber.java.PendingException();
}

The step "Tampil notifikasi Terima kasih dokumen anda sudah lengkap!" is undefined. You can implement it using the snippet(s) below:

@Then("Tampil notifikasi Terima kasih dokumen anda sudah lengkap!")
public void tampil_notifikasi_Terima_kasih_dokumen_anda_sudah_lengkap() {
    // Write code here that turns the phrase above into concrete actions
    throw new io.cucumber.java.PendingException();
}

The step "Tombol selanjutnya menuju menu TTD aktif" is undefined. You can implement it using the snippet(s) below:

@Then("Tombol selanjutnya menuju menu TTD aktif")
public void tombol_selanjutnya_menuju_menu_TTD_aktif() {
    // Write code here that turns the phrase above into concrete actions
    throw new io.cucumber.java.PendingException();
}
]]>
            </message>
            <full-stacktrace>
              <![CDATA[io.cucumber.testng.UndefinedStepException: There were 3 undefined steps
The step "User upload tiga foto yang diminta sistem" is undefined. You can implement it using the snippet(s) below:

@When("User upload tiga foto yang diminta sistem")
public void user_upload_tiga_foto_yang_diminta_sistem() {
    // Write code here that turns the phrase above into concrete actions
    throw new io.cucumber.java.PendingException();
}

The step "Tampil notifikasi Terima kasih dokumen anda sudah lengkap!" is undefined. You can implement it using the snippet(s) below:

@Then("Tampil notifikasi Terima kasih dokumen anda sudah lengkap!")
public void tampil_notifikasi_Terima_kasih_dokumen_anda_sudah_lengkap() {
    // Write code here that turns the phrase above into concrete actions
    throw new io.cucumber.java.PendingException();
}

The step "Tombol selanjutnya menuju menu TTD aktif" is undefined. You can implement it using the snippet(s) below:

@Then("Tombol selanjutnya menuju menu TTD aktif")
public void tombol_selanjutnya_menuju_menu_TTD_aktif() {
    // Write code here that turns the phrase above into concrete actions
    throw new io.cucumber.java.PendingException();
}

at io.cucumber.testng.TestCaseResultObserver.assertTestCasePassed(TestCaseResultObserver.java:112)
at io.cucumber.testng.TestNGCucumberRunner.runScenario(TestNGCucumberRunner.java:125)
at io.cucumber.testng.AbstractTestNGCucumberTests.runScenario(AbstractTestNGCucumberTests.java:29)
at sun.reflect.GeneratedMethodAccessor1.invoke(Unknown Source)
at sun.reflect.DelegatingMethodAccessorImpl.invoke(Unknown Source)
at java.lang.reflect.Method.invoke(Unknown Source)
at org.testng.internal.MethodInvocationHelper.invokeMethod(MethodInvocationHelper.java:134)
at org.testng.internal.TestInvoker.invokeMethod(TestInvoker.java:597)
at org.testng.internal.TestInvoker.invokeTestMethod(TestInvoker.java:173)
at org.testng.internal.MethodRunner.runInSequence(MethodRunner.java:46)
at org.testng.internal.TestInvoker$MethodInvocationAgent.invoke(TestInvoker.java:816)
at org.testng.internal.TestInvoker.invokeTestMethods(TestInvoker.java:146)
at org.testng.internal.TestMethodWorker.invokeTestMethods(TestMethodWorker.java:146)
at org.testng.internal.TestMethodWorker.run(TestMethodWorker.java:128)
at java.util.ArrayList.forEach(Unknown Source)
at org.testng.TestRunner.privateRun(TestRunner.java:766)
at org.testng.TestRunner.run(TestRunner.java:587)
at org.testng.SuiteRunner.runTest(SuiteRunner.java:384)
at org.testng.SuiteRunner.runSequentially(SuiteRunner.java:378)
at org.testng.SuiteRunner.privateRun(SuiteRunner.java:337)
at org.testng.SuiteRunner.run(SuiteRunner.java:286)
at org.testng.SuiteRunnerWorker.runSuite(SuiteRunnerWorker.java:53)
at org.testng.SuiteRunnerWorker.run(SuiteRunnerWorker.java:96)
at org.testng.TestNG.runSuitesSequentially(TestNG.java:1187)
at org.testng.TestNG.runSuitesLocally(TestNG.java:1109)
at org.testng.TestNG.runSuites(TestNG.java:1039)
at org.testng.TestNG.run(TestNG.java:1007)
at org.testng.remote.AbstractRemoteTestNG.run(AbstractRemoteTestNG.java:115)
at org.testng.remote.RemoteTestNG.initAndRun(RemoteTestNG.java:251)
at org.testng.remote.RemoteTestNG.main(RemoteTestNG.java:77)
]]>
            </full-stacktrace>
          </exception> <!-- io.cucumber.testng.UndefinedStepException -->
          <reporter-output>
          </reporter-output>
        </test-method> <!-- runScenario -->
        <test-method status="SKIP" signature="runScenario(io.cucumber.testng.PickleWrapper, io.cucumber.testng.FeatureWrapper)[pri:0, instance:com.siloam.RunnerFiles@2d8f65a4]" name="runScenario" duration-ms="6" started-at="2022-08-08T00:34:47 ICT" description="Runs Cucumber Scenarios" data-provider="scenarios" finished-at="2022-08-08T00:34:47 ICT">
          <params>
            <param index="0">
              <value>
                <![CDATA["Klik button selanjutnya menu upload dokumen"]]>
              </value>
            </param>
            <param index="1">
              <value>
                <![CDATA["Upload Dokumen Testing"]]>
              </value>
            </param>
          </params>
          <exception class="io.cucumber.testng.UndefinedStepException">
            <message>
              <![CDATA[There were 3 undefined steps
The step "User klik button selanjutnya" is undefined. You can implement it using the snippet(s) below:

@When("User klik button selanjutnya")
public void user_klik_button_selanjutnya() {
    // Write code here that turns the phrase above into concrete actions
    throw new io.cucumber.java.PendingException();
}

The step "Menampilkan alert verifikasi lanjut ke tahap selanjutnya" is undefined. You can implement it using the snippet(s) below:

@Then("Menampilkan alert verifikasi lanjut ke tahap selanjutnya")
public void menampilkan_alert_verifikasi_lanjut_ke_tahap_selanjutnya() {
    // Write code here that turns the phrase above into concrete actions
    throw new io.cucumber.java.PendingException();
}

The step "Menampilkan halaman menu ttd dengan review data" is undefined. You can implement it using the snippet(s) below:

@Then("Menampilkan halaman menu ttd dengan review data")
public void menampilkan_halaman_menu_ttd_dengan_review_data() {
    // Write code here that turns the phrase above into concrete actions
    throw new io.cucumber.java.PendingException();
}
]]>
            </message>
            <full-stacktrace>
              <![CDATA[io.cucumber.testng.UndefinedStepException: There were 3 undefined steps
The step "User klik button selanjutnya" is undefined. You can implement it using the snippet(s) below:

@When("User klik button selanjutnya")
public void user_klik_button_selanjutnya() {
    // Write code here that turns the phrase above into concrete actions
    throw new io.cucumber.java.PendingException();
}

The step "Menampilkan alert verifikasi lanjut ke tahap selanjutnya" is undefined. You can implement it using the snippet(s) below:

@Then("Menampilkan alert verifikasi lanjut ke tahap selanjutnya")
public void menampilkan_alert_verifikasi_lanjut_ke_tahap_selanjutnya() {
    // Write code here that turns the phrase above into concrete actions
    throw new io.cucumber.java.PendingException();
}

The step "Menampilkan halaman menu ttd dengan review data" is undefined. You can implement it using the snippet(s) below:

@Then("Menampilkan halaman menu ttd dengan review data")
public void menampilkan_halaman_menu_ttd_dengan_review_data() {
    // Write code here that turns the phrase above into concrete actions
    throw new io.cucumber.java.PendingException();
}

at io.cucumber.testng.TestCaseResultObserver.assertTestCasePassed(TestCaseResultObserver.java:112)
at io.cucumber.testng.TestNGCucumberRunner.runScenario(TestNGCucumberRunner.java:125)
at io.cucumber.testng.AbstractTestNGCucumberTests.runScenario(AbstractTestNGCucumberTests.java:29)
at sun.reflect.GeneratedMethodAccessor1.invoke(Unknown Source)
at sun.reflect.DelegatingMethodAccessorImpl.invoke(Unknown Source)
at java.lang.reflect.Method.invoke(Unknown Source)
at org.testng.internal.MethodInvocationHelper.invokeMethod(MethodInvocationHelper.java:134)
at org.testng.internal.TestInvoker.invokeMethod(TestInvoker.java:597)
at org.testng.internal.TestInvoker.invokeTestMethod(TestInvoker.java:173)
at org.testng.internal.MethodRunner.runInSequence(MethodRunner.java:46)
at org.testng.internal.TestInvoker$MethodInvocationAgent.invoke(TestInvoker.java:816)
at org.testng.internal.TestInvoker.invokeTestMethods(TestInvoker.java:146)
at org.testng.internal.TestMethodWorker.invokeTestMethods(TestMethodWorker.java:146)
at org.testng.internal.TestMethodWorker.run(TestMethodWorker.java:128)
at java.util.ArrayList.forEach(Unknown Source)
at org.testng.TestRunner.privateRun(TestRunner.java:766)
at org.testng.TestRunner.run(TestRunner.java:587)
at org.testng.SuiteRunner.runTest(SuiteRunner.java:384)
at org.testng.SuiteRunner.runSequentially(SuiteRunner.java:378)
at org.testng.SuiteRunner.privateRun(SuiteRunner.java:337)
at org.testng.SuiteRunner.run(SuiteRunner.java:286)
at org.testng.SuiteRunnerWorker.runSuite(SuiteRunnerWorker.java:53)
at org.testng.SuiteRunnerWorker.run(SuiteRunnerWorker.java:96)
at org.testng.TestNG.runSuitesSequentially(TestNG.java:1187)
at org.testng.TestNG.runSuitesLocally(TestNG.java:1109)
at org.testng.TestNG.runSuites(TestNG.java:1039)
at org.testng.TestNG.run(TestNG.java:1007)
at org.testng.remote.AbstractRemoteTestNG.run(AbstractRemoteTestNG.java:115)
at org.testng.remote.RemoteTestNG.initAndRun(RemoteTestNG.java:251)
at org.testng.remote.RemoteTestNG.main(RemoteTestNG.java:77)
]]>
            </full-stacktrace>
          </exception> <!-- io.cucumber.testng.UndefinedStepException -->
          <reporter-output>
          </reporter-output>
        </test-method> <!-- runScenario -->
        <test-method status="PASS" signature="tearDownClass()[pri:0, instance:com.siloam.RunnerFiles@2d8f65a4]" name="tearDownClass" is-config="true" duration-ms="338" started-at="2022-08-08T00:34:47 ICT" finished-at="2022-08-08T00:34:47 ICT">
          <reporter-output>
          </reporter-output>
        </test-method> <!-- tearDownClass -->
      </class> <!-- com.siloam.RunnerFiles -->
    </test> <!-- Default test -->
  </suite> <!-- Default suite -->
</testng-results>
