<?xml version="1.0" encoding="UTF-8"?>
<!-- Generated by org.testng.reporters.JUnitReportReporter -->
<testsuite hostname="ranto-HP-Laptop-14-cm0xxx" failures="0" tests="15" name="com.siloam.runner.RunnerFiles" time="0.543" errors="1" timestamp="2022-08-09T23:58:42 WIB" skipped="14">
  <testcase classname="com.siloam.runner.RunnerFiles" name="runScenario" time="0.021">
    <skipped/>
  </testcase> <!-- runScenario -->
  <system-out/>
  <testcase classname="com.siloam.runner.RunnerFiles" name="runScenario" time="0.017">
    <skipped/>
  </testcase> <!-- runScenario -->
  <system-out/>
  <testcase classname="com.siloam.runner.RunnerFiles" name="runScenario" time="0.323">
    <error message="&#039;void com.siloam.plugin.DriverSet.setDriver()&#039;" type="java.lang.NoSuchMethodError">
      <![CDATA[java.lang.NoSuchMethodError: 'void com.siloam.plugin.DriverSet.setDriver()'
at com.siloam.plugin.LoginStep.loginSales(LoginStep.java:25)
at com.siloam.uploaddoc.UploadDocumentStepDef.user_sales_akses_url(UploadDocumentStepDef.java:24)
at ✽.User sales akses url(file:///home/ancient/Documents/MagangSQA/sqasiloamteamb/src/test/resources/features/UploadDocument.feature:4)
]]>
    </error>
  </testcase> <!-- runScenario -->
  <system-out/>
  <testcase classname="com.siloam.runner.RunnerFiles" name="runScenario" time="0.012">
    <skipped/>
  </testcase> <!-- runScenario -->
  <system-out/>
  <testcase classname="com.siloam.runner.RunnerFiles" name="runScenario" time="0.023">
    <skipped/>
  </testcase> <!-- runScenario -->
  <system-out/>
  <testcase classname="com.siloam.runner.RunnerFiles" name="runScenario" time="0.014">
    <skipped/>
  </testcase> <!-- runScenario -->
  <system-out/>
  <testcase classname="com.siloam.runner.RunnerFiles" name="runScenario" time="0.011">
    <skipped/>
  </testcase> <!-- runScenario -->
  <system-out/>
  <testcase classname="com.siloam.runner.RunnerFiles" name="runScenario" time="0.021">
    <skipped/>
  </testcase> <!-- runScenario -->
  <system-out/>
  <testcase classname="com.siloam.runner.RunnerFiles" name="runScenario" time="0.012">
    <skipped/>
  </testcase> <!-- runScenario -->
  <system-out/>
  <testcase classname="com.siloam.runner.RunnerFiles" name="runScenario" time="0.018">
    <skipped/>
  </testcase> <!-- runScenario -->
  <system-out/>
  <testcase classname="com.siloam.runner.RunnerFiles" name="runScenario" time="0.009">
    <skipped/>
  </testcase> <!-- runScenario -->
  <system-out/>
  <testcase classname="com.siloam.runner.RunnerFiles" name="runScenario" time="0.019">
    <skipped/>
  </testcase> <!-- runScenario -->
  <system-out/>
  <testcase classname="com.siloam.runner.RunnerFiles" name="runScenario" time="0.012">
    <skipped/>
  </testcase> <!-- runScenario -->
  <system-out/>
  <testcase classname="com.siloam.runner.RunnerFiles" name="runScenario" time="0.012">
    <skipped/>
  </testcase> <!-- runScenario -->
  <system-out/>
  <testcase classname="com.siloam.runner.RunnerFiles" name="runScenario" time="0.019">
    <skipped/>
  </testcase> <!-- runScenario -->
  <system-out/>
</testsuite> <!-- com.siloam.runner.RunnerFiles -->
